#! /usr/local/bin/vvp
:ivl_version "11.0 (devel)" "(s20150603-659-g791c056b)";
:ivl_delay_selection "TYPICAL";
:vpi_time_precision - 12;
:vpi_module "system";
:vpi_module "vhdl_sys";
:vpi_module "vhdl_textio";
:vpi_module "v2005_math";
:vpi_module "va_math";
:vpi_module "v2009";
S_0x5591eea855d0 .scope package, "$unit" "$unit" 2 1;
 .timescale 0 0;
S_0x5591eea827f0 .scope module, "xled" "xled" 3 4;
 .timescale -9 -12;
    .port_info 0 /INPUT 1 "reset";
    .port_info 1 /INPUT 1 "clk";
    .port_info 2 /INPUT 1 "led0_sel";
    .port_info 3 /INPUT 1 "sw0";
    .port_info 4 /OUTPUT 1 "led0";
o0x7f714bc96018 .functor BUFZ 1, C4<z>; HiZ drive
v0x5591eea722c0_0 .net "clk", 0 0, o0x7f714bc96018;  0 drivers
v0x5591eea5db30_0 .var "led0", 0 0;
o0x7f714bc96078 .functor BUFZ 1, C4<z>; HiZ drive
v0x5591eea5dbd0_0 .net "led0_sel", 0 0, o0x7f714bc96078;  0 drivers
o0x7f714bc960a8 .functor BUFZ 1, C4<z>; HiZ drive
v0x5591eea5e3d0_0 .net "reset", 0 0, o0x7f714bc960a8;  0 drivers
o0x7f714bc960d8 .functor BUFZ 1, C4<z>; HiZ drive
v0x5591eea5e470_0 .net "sw0", 0 0, o0x7f714bc960d8;  0 drivers
E_0x5591ee9ea0d0 .event posedge, v0x5591eea5e3d0_0, v0x5591eea722c0_0;
S_0x5591eea7f6f0 .scope module, "xtop_tb" "xtop_tb" 4 5;
 .timescale -9 -12;
P_0x5591ee9abb90 .param/l "clk_period" 0 4 8, +C4<00000000000000000000000000001010>;
v0x5591eeaa8900_0 .array/port v0x5591eeaa8900, 0;
L_0x5591eeac28c0 .functor BUFZ 32, v0x5591eeaa8900_0, C4<00000000000000000000000000000000>, C4<00000000000000000000000000000000>, C4<00000000000000000000000000000000>;
v0x5591eeaa8900_1 .array/port v0x5591eeaa8900, 1;
L_0x5591eeac2990 .functor BUFZ 32, v0x5591eeaa8900_1, C4<00000000000000000000000000000000>, C4<00000000000000000000000000000000>, C4<00000000000000000000000000000000>;
v0x5591eeaa8900_2 .array/port v0x5591eeaa8900, 2;
L_0x5591eeac2a60 .functor BUFZ 32, v0x5591eeaa8900_2, C4<00000000000000000000000000000000>, C4<00000000000000000000000000000000>, C4<00000000000000000000000000000000>;
v0x5591eeaa8900_3 .array/port v0x5591eeaa8900, 3;
L_0x5591eeac2b30 .functor BUFZ 32, v0x5591eeaa8900_3, C4<00000000000000000000000000000000>, C4<00000000000000000000000000000000>, C4<00000000000000000000000000000000>;
v0x5591eeaa8900_4 .array/port v0x5591eeaa8900, 4;
L_0x5591eeac2c30 .functor BUFZ 32, v0x5591eeaa8900_4, C4<00000000000000000000000000000000>, C4<00000000000000000000000000000000>, C4<00000000000000000000000000000000>;
v0x5591eeaa8900_5 .array/port v0x5591eeaa8900, 5;
L_0x5591eeac2d00 .functor BUFZ 32, v0x5591eeaa8900_5, C4<00000000000000000000000000000000>, C4<00000000000000000000000000000000>, C4<00000000000000000000000000000000>;
v0x5591eeaa8900_6 .array/port v0x5591eeaa8900, 6;
L_0x5591eeac2e10 .functor BUFZ 32, v0x5591eeaa8900_6, C4<00000000000000000000000000000000>, C4<00000000000000000000000000000000>, C4<00000000000000000000000000000000>;
v0x5591eeaa8900_7 .array/port v0x5591eeaa8900, 7;
L_0x5591eeac2eb0 .functor BUFZ 32, v0x5591eeaa8900_7, C4<00000000000000000000000000000000>, C4<00000000000000000000000000000000>, C4<00000000000000000000000000000000>;
v0x5591eeaa8900_8 .array/port v0x5591eeaa8900, 8;
L_0x5591eeac2fd0 .functor BUFZ 32, v0x5591eeaa8900_8, C4<00000000000000000000000000000000>, C4<00000000000000000000000000000000>, C4<00000000000000000000000000000000>;
v0x5591eeaa8900_9 .array/port v0x5591eeaa8900, 9;
L_0x5591eeac30a0 .functor BUFZ 32, v0x5591eeaa8900_9, C4<00000000000000000000000000000000>, C4<00000000000000000000000000000000>, C4<00000000000000000000000000000000>;
v0x5591eeaa8900_10 .array/port v0x5591eeaa8900, 10;
L_0x5591eeac31d0 .functor BUFZ 32, v0x5591eeaa8900_10, C4<00000000000000000000000000000000>, C4<00000000000000000000000000000000>, C4<00000000000000000000000000000000>;
v0x5591eeaa8900_11 .array/port v0x5591eeaa8900, 11;
L_0x5591eeac32a0 .functor BUFZ 32, v0x5591eeaa8900_11, C4<00000000000000000000000000000000>, C4<00000000000000000000000000000000>, C4<00000000000000000000000000000000>;
v0x5591eeaa8900_12 .array/port v0x5591eeaa8900, 12;
L_0x5591eeac33e0 .functor BUFZ 32, v0x5591eeaa8900_12, C4<00000000000000000000000000000000>, C4<00000000000000000000000000000000>, C4<00000000000000000000000000000000>;
v0x5591eeaa8900_13 .array/port v0x5591eeaa8900, 13;
L_0x5591eeac34b0 .functor BUFZ 32, v0x5591eeaa8900_13, C4<00000000000000000000000000000000>, C4<00000000000000000000000000000000>, C4<00000000000000000000000000000000>;
v0x5591eeaa8900_14 .array/port v0x5591eeaa8900, 14;
L_0x5591eeac3370 .functor BUFZ 32, v0x5591eeaa8900_14, C4<00000000000000000000000000000000>, C4<00000000000000000000000000000000>, C4<00000000000000000000000000000000>;
v0x5591eeaa8900_15 .array/port v0x5591eeaa8900, 15;
L_0x5591eeac3660 .functor BUFZ 32, v0x5591eeaa8900_15, C4<00000000000000000000000000000000>, C4<00000000000000000000000000000000>, C4<00000000000000000000000000000000>;
v0x5591eeaaa190_0 .var "Btn3", 0 0;
v0x5591eeaaa250_0 .net "Disp", 7 0, v0x5591eeaa68c0_0;  1 drivers
v0x5591eeaaa360_0 .net "Disp_sel", 3 0, v0x5591eeaa67e0_0;  1 drivers
v0x5591eeaaa450_0 .var "Sw", 7 0;
v0x5591eeaaa560_0 .var "clk", 0 0;
v0x5591eeaaa650 .array "data", 0 15, 31 0;
v0x5591eeaaa710_0 .var/i "k", 31 0;
v0x5591eeaaa7f0_0 .net "r0", 31 0, L_0x5591eeac28c0;  1 drivers
v0x5591eeaaa8d0_0 .net "r1", 31 0, L_0x5591eeac2990;  1 drivers
v0x5591eeaaa9b0_0 .net "r10", 31 0, L_0x5591eeac31d0;  1 drivers
v0x5591eeaaaa90_0 .net "r11", 31 0, L_0x5591eeac32a0;  1 drivers
v0x5591eeaaab70_0 .net "r12", 31 0, L_0x5591eeac33e0;  1 drivers
v0x5591eeaaac50_0 .net "r13", 31 0, L_0x5591eeac34b0;  1 drivers
v0x5591eeaaad30_0 .net "r14", 31 0, L_0x5591eeac3370;  1 drivers
v0x5591eeaaae10_0 .net "r15", 31 0, L_0x5591eeac3660;  1 drivers
v0x5591eeaaaef0_0 .net "r2", 31 0, L_0x5591eeac2a60;  1 drivers
v0x5591eeaaafd0_0 .net "r3", 31 0, L_0x5591eeac2b30;  1 drivers
v0x5591eeaab1c0_0 .net "r4", 31 0, L_0x5591eeac2c30;  1 drivers
v0x5591eeaab2a0_0 .net "r5", 31 0, L_0x5591eeac2d00;  1 drivers
v0x5591eeaab380_0 .net "r6", 31 0, L_0x5591eeac2e10;  1 drivers
v0x5591eeaab460_0 .net "r7", 31 0, L_0x5591eeac2eb0;  1 drivers
v0x5591eeaab540_0 .net "r8", 31 0, L_0x5591eeac2fd0;  1 drivers
v0x5591eeaab620_0 .net "r9", 31 0, L_0x5591eeac30a0;  1 drivers
v0x5591eeaab700_0 .var "rst", 0 0;
v0x5591eeaab7a0_0 .var/i "start_time", 31 0;
v0x5591eeaab880_0 .net "trap", 0 0, v0x5591eea9d580_0;  1 drivers
S_0x5591eea7fdf0 .scope module, "uut" "xtop" 4 37, 5 5 0, S_0x5591eea7f6f0;
 .timescale -9 -12;
    .port_info 0 /INPUT 1 "clk";
    .port_info 1 /INPUT 1 "rst";
    .port_info 2 /INPUT 1 "Btn3";
    .port_info 3 /INPUT 1 "Btn2";
    .port_info 4 /INPUT 8 "Sw";
    .port_info 5 /OUTPUT 1 "trap";
    .port_info 6 /OUTPUT 8 "Disp";
    .port_info 7 /OUTPUT 4 "Disp_sel";
L_0x5591eeac2700 .functor AND 1, v0x5591eea9ccc0_0, L_0x5591eeac19d0, C4<1>, C4<1>;
o0x7f714bc96228 .functor BUFZ 1, C4<z>; HiZ drive
v0x5591eeaa8dc0_0 .net "Btn2", 0 0, o0x7f714bc96228;  0 drivers
v0x5591eeaa8eb0_0 .net "Btn3", 0 0, v0x5591eeaaa190_0;  1 drivers
v0x5591eeaa8f80_0 .net "Disp", 7 0, v0x5591eeaa68c0_0;  alias, 1 drivers
v0x5591eeaa9080_0 .net "Disp_sel", 3 0, v0x5591eeaa67e0_0;  alias, 1 drivers
v0x5591eeaa9150_0 .net "Sw", 7 0, v0x5591eeaaa450_0;  1 drivers
v0x5591eeaa91f0_0 .net "clk", 0 0, v0x5591eeaaa560_0;  1 drivers
v0x5591eeaa9290_0 .net "cprt_sel", 0 0, v0x5591eea9ccc0_0;  1 drivers
v0x5591eeaa9360_0 .net "data_addr", 9 0, v0x5591eeaa46b0_0;  1 drivers
v0x5591eeaa9450_0 .net "data_sel", 0 0, L_0x5591eeac1810;  1 drivers
v0x5591eeaa94f0_0 .net "data_to_rd", 31 0, v0x5591eea9cd80_0;  1 drivers
v0x5591eeaa95e0_0 .net "data_to_wr", 31 0, L_0x5591eeac1a40;  1 drivers
v0x5591eeaa9680_0 .net "data_we", 0 0, L_0x5591eeac19d0;  1 drivers
v0x5591eeaa9720_0 .net "instruction", 31 0, v0x5591eeaa7c10_0;  1 drivers
v0x5591eeaa97c0_0 .net "led0_sel", 0 0, v0x5591eea9ce60_0;  1 drivers
v0x5591eeaa98b0_0 .net "mem_data_to_rd", 31 0, L_0x5591eeac1fd0;  1 drivers
v0x5591eeaa99c0_0 .net "mem_sel", 0 0, v0x5591eea9d000_0;  1 drivers
v0x5591eeaa9ab0_0 .net "pc", 8 0, v0x5591eeaa4bd0_0;  1 drivers
v0x5591eeaa9cd0_0 .net "regf_data_to_rd", 31 0, L_0x5591eeac2300;  1 drivers
v0x5591eeaa9de0_0 .net "regf_sel", 0 0, v0x5591eea9d1a0_0;  1 drivers
v0x5591eeaa9ed0_0 .net "rst", 0 0, v0x5591eeaab700_0;  1 drivers
v0x5591eeaa9fc0_0 .net "trap", 0 0, v0x5591eea9d580_0;  alias, 1 drivers
L_0x5591eeac0f20 .part v0x5591eeaa46b0_0, 0, 9;
L_0x5591eeac2440 .part v0x5591eeaa46b0_0, 0, 4;
L_0x5591eeac25d0 .part L_0x5591eeac1a40, 0, 8;
L_0x5591eeac27f0 .part L_0x5591eeac1a40, 0, 8;
S_0x5591eea804f0 .scope module, "addr_decoder" "xaddr_decoder" 5 117, 6 4 0, S_0x5591eea7fdf0;
 .timescale -9 -12;
    .port_info 0 /INPUT 10 "addr";
    .port_info 1 /INPUT 1 "sel";
    .port_info 2 /OUTPUT 1 "mem_sel";
    .port_info 3 /INPUT 32 "mem_data_to_rd";
    .port_info 4 /OUTPUT 1 "regf_sel";
    .port_info 5 /INPUT 32 "regf_data_to_rd";
    .port_info 6 /OUTPUT 1 "btn2_sel";
    .port_info 7 /INPUT 1 "btn2_data_to_read";
    .port_info 8 /OUTPUT 1 "btn3_sel";
    .port_info 9 /INPUT 1 "btn3_data_to_read";
    .port_info 10 /OUTPUT 1 "sw2_sel";
    .port_info 11 /OUTPUT 1 "sw_sel";
    .port_info 12 /INPUT 8 "sw_data_to_read";
    .port_info 13 /OUTPUT 1 "led0_sel";
    .port_info 14 /OUTPUT 1 "cprt_sel";
    .port_info 15 /OUTPUT 1 "trap_sel";
    .port_info 16 /OUTPUT 32 "data_to_rd";
v0x5591eea5e930_0 .net "addr", 9 0, v0x5591eeaa46b0_0;  alias, 1 drivers
v0x5591eea5e9d0_0 .net "btn2_data_to_read", 0 0, o0x7f714bc96228;  alias, 0 drivers
v0x5591eea9ca50_0 .var "btn2_sel", 0 0;
v0x5591eea9caf0_0 .net "btn3_data_to_read", 0 0, v0x5591eeaaa190_0;  alias, 1 drivers
v0x5591eea9cbb0_0 .var "btn3_sel", 0 0;
v0x5591eea9ccc0_0 .var "cprt_sel", 0 0;
v0x5591eea9cd80_0 .var "data_to_rd", 31 0;
v0x5591eea9ce60_0 .var "led0_sel", 0 0;
v0x5591eea9cf20_0 .net "mem_data_to_rd", 31 0, L_0x5591eeac1fd0;  alias, 1 drivers
v0x5591eea9d000_0 .var "mem_sel", 0 0;
v0x5591eea9d0c0_0 .net "regf_data_to_rd", 31 0, L_0x5591eeac2300;  alias, 1 drivers
v0x5591eea9d1a0_0 .var "regf_sel", 0 0;
v0x5591eea9d260_0 .net "sel", 0 0, L_0x5591eeac1810;  alias, 1 drivers
v0x5591eea9d320_0 .var "sw2_sel", 0 0;
v0x5591eea9d3e0_0 .net "sw_data_to_read", 7 0, v0x5591eeaaa450_0;  alias, 1 drivers
v0x5591eea9d4c0_0 .var "sw_sel", 0 0;
v0x5591eea9d580_0 .var "trap_sel", 0 0;
E_0x5591ee9eabd0/0 .event edge, v0x5591eea9d000_0, v0x5591eea9cf20_0, v0x5591eea9d1a0_0, v0x5591eea9d0c0_0;
E_0x5591ee9eabd0/1 .event edge, v0x5591eea9d4c0_0, v0x5591eea9d3e0_0, v0x5591eea9d320_0, v0x5591eea9cbb0_0;
E_0x5591ee9eabd0/2 .event edge, v0x5591eea9caf0_0, v0x5591eea9ca50_0, v0x5591eea5e9d0_0;
E_0x5591ee9eabd0 .event/or E_0x5591ee9eabd0/0, E_0x5591ee9eabd0/1, E_0x5591ee9eabd0/2;
E_0x5591ee9cc8a0 .event edge, v0x5591eea5e930_0, v0x5591eea9d260_0;
S_0x5591eea80bf0 .scope module, "controller" "xctrl" 5 72, 7 7 0, S_0x5591eea7fdf0;
 .timescale -9 -12;
    .port_info 0 /INPUT 1 "clk";
    .port_info 1 /INPUT 1 "rst";
    .port_info 2 /OUTPUT 9 "pc";
    .port_info 3 /INPUT 32 "instruction";
    .port_info 4 /OUTPUT 1 "mem_sel";
    .port_info 5 /OUTPUT 1 "mem_we";
    .port_info 6 /OUTPUT 10 "mem_addr";
    .port_info 7 /INPUT 32 "mem_data_from";
    .port_info 8 /OUTPUT 32 "mem_data_to";
L_0x5591eea69870 .functor OR 1, L_0x5591eeabb9f0, L_0x5591eeabbc70, C4<0>, C4<0>;
L_0x5591eea71a30 .functor OR 1, L_0x5591eeabbf90, L_0x5591eeabc1b0, C4<0>, C4<0>;
L_0x5591eea720c0 .functor OR 1, L_0x5591eea69870, L_0x5591eea71a30, C4<0>, C4<0>;
L_0x5591eea5da10 .functor OR 1, L_0x5591eeabc600, L_0x5591eeabc7f0, C4<0>, C4<0>;
L_0x5591eeabc930 .functor OR 1, L_0x5591eeabcb30, L_0x5591eeabcef0, C4<0>, C4<0>;
L_0x5591eea5e2b0 .functor OR 1, L_0x5591eeabd360, L_0x5591eeabd630, C4<0>, C4<0>;
L_0x5591eea5d630 .functor OR 1, L_0x5591eea5e2b0, L_0x5591eeabd950, C4<0>, C4<0>;
L_0x5591eea30ac0 .functor OR 1, L_0x5591eeabdce0, L_0x5591eeabdfe0, C4<0>, C4<0>;
L_0x5591eeabe610 .functor AND 1, L_0x5591eea5d630, L_0x5591eeabe3e0, C4<1>, C4<1>;
L_0x5591eeabe720 .functor OR 1, L_0x5591eeabe610, L_0x5591eea30ac0, C4<0>, C4<0>;
L_0x5591eeabe890 .functor OR 1, L_0x5591eeabc930, L_0x5591eea30ac0, C4<0>, C4<0>;
L_0x5591eeabe900 .functor OR 1, L_0x5591eeabe890, L_0x5591eea5d630, C4<0>, C4<0>;
L_0x5591eeabea30 .functor OR 1, L_0x5591eea69870, L_0x5591eeabc930, C4<0>, C4<0>;
L_0x5591eeabf110 .functor OR 1, L_0x5591eeabeb90, L_0x5591eeabeec0, C4<0>, C4<0>;
L_0x5591eeabe9c0 .functor OR 1, L_0x5591eeabf110, L_0x5591eeabf5a0, C4<0>, C4<0>;
L_0x5591eeabf6e0 .functor OR 1, L_0x5591eeabe9c0, L_0x5591eeabf990, C4<0>, C4<0>;
L_0x5591eeac0d50 .functor OR 1, L_0x5591eea5da10, L_0x5591eea71a30, C4<0>, C4<0>;
L_0x5591eeac0e10 .functor OR 1, L_0x5591eeac0d50, L_0x5591eeabe720, C4<0>, C4<0>;
L_0x5591eeac1380 .functor AND 1, L_0x5591eeac0e10, L_0x5591eeac1240, C4<1>, C4<1>;
L_0x5591eeac1810 .functor AND 1, L_0x5591eeac1380, L_0x5591eeac16d0, C4<1>, C4<1>;
L_0x5591eeac19d0 .functor BUFZ 1, L_0x5591eea5da10, C4<0>, C4<0>, C4<0>;
L_0x5591eeac1a40 .functor BUFZ 32, v0x5591eeaa4cb0_0, C4<00000000000000000000000000000000>, C4<00000000000000000000000000000000>, C4<00000000000000000000000000000000>;
L_0x5591eeac1b70 .functor AND 32, v0x5591eeaa4cb0_0, v0x5591eeaa4af0_0, C4<11111111111111111111111111111111>, C4<11111111111111111111111111111111>;
L_0x5591eeac1be0 .functor XOR 32, v0x5591eeaa4cb0_0, v0x5591eeaa4af0_0, C4<00000000000000000000000000000000>, C4<00000000000000000000000000000000>;
v0x5591eea9dc80_0 .net *"_s0", 31 0, L_0x5591eeaab920;  1 drivers
v0x5591eea9dd60_0 .net *"_s102", 31 0, L_0x5591eeabdbf0;  1 drivers
L_0x7f714bc4d648 .functor BUFT 1, C4<0000000000000000000000000000>, C4<0>, C4<0>, C4<0>;
v0x5591eea9de40_0 .net *"_s105", 27 0, L_0x7f714bc4d648;  1 drivers
L_0x7f714bc4d690 .functor BUFT 1, C4<00000000000000000000000000000100>, C4<0>, C4<0>, C4<0>;
v0x5591eea9df00_0 .net/2u *"_s106", 31 0, L_0x7f714bc4d690;  1 drivers
v0x5591eea9dfe0_0 .net *"_s108", 0 0, L_0x5591eeabdce0;  1 drivers
L_0x7f714bc4d0a8 .functor BUFT 1, C4<0000000000000000000000000000>, C4<0>, C4<0>, C4<0>;
v0x5591eea9e0f0_0 .net *"_s11", 27 0, L_0x7f714bc4d0a8;  1 drivers
v0x5591eea9e1d0_0 .net *"_s110", 31 0, L_0x5591eeabdef0;  1 drivers
L_0x7f714bc4d6d8 .functor BUFT 1, C4<0000000000000000000000000000>, C4<0>, C4<0>, C4<0>;
v0x5591eea9e2b0_0 .net *"_s113", 27 0, L_0x7f714bc4d6d8;  1 drivers
L_0x7f714bc4d720 .functor BUFT 1, C4<00000000000000000000000000000101>, C4<0>, C4<0>, C4<0>;
v0x5591eea9e390_0 .net/2u *"_s114", 31 0, L_0x7f714bc4d720;  1 drivers
v0x5591eea9e470_0 .net *"_s116", 0 0, L_0x5591eeabdfe0;  1 drivers
L_0x7f714bc4d0f0 .functor BUFT 1, C4<00000000000000000000000000000111>, C4<0>, C4<0>, C4<0>;
v0x5591eea9e530_0 .net/2u *"_s12", 31 0, L_0x7f714bc4d0f0;  1 drivers
v0x5591eea9e610_0 .net *"_s120", 31 0, L_0x5591eeabe2f0;  1 drivers
L_0x7f714bc4d768 .functor BUFT 1, C4<0000000000000000000000000000>, C4<0>, C4<0>, C4<0>;
v0x5591eea9e6f0_0 .net *"_s123", 27 0, L_0x7f714bc4d768;  1 drivers
L_0x7f714bc4d7b0 .functor BUFT 1, C4<00000000000000000000000000000000>, C4<0>, C4<0>, C4<0>;
v0x5591eea9e7d0_0 .net/2u *"_s124", 31 0, L_0x7f714bc4d7b0;  1 drivers
v0x5591eea9e8b0_0 .net *"_s126", 0 0, L_0x5591eeabe3e0;  1 drivers
v0x5591eea9e970_0 .net *"_s128", 0 0, L_0x5591eeabe610;  1 drivers
v0x5591eea9ea30_0 .net *"_s132", 0 0, L_0x5591eeabe890;  1 drivers
v0x5591eea9eb10_0 .net *"_s138", 31 0, L_0x5591eeabeaa0;  1 drivers
v0x5591eea9ebf0_0 .net *"_s14", 0 0, L_0x5591eeabbc70;  1 drivers
L_0x7f714bc4d7f8 .functor BUFT 1, C4<0000000000000000000000000000>, C4<0>, C4<0>, C4<0>;
v0x5591eea9ecb0_0 .net *"_s141", 27 0, L_0x7f714bc4d7f8;  1 drivers
L_0x7f714bc4d840 .functor BUFT 1, C4<00000000000000000000000000001100>, C4<0>, C4<0>, C4<0>;
v0x5591eea9ed90_0 .net/2u *"_s142", 31 0, L_0x7f714bc4d840;  1 drivers
v0x5591eea9ee70_0 .net *"_s144", 0 0, L_0x5591eeabeb90;  1 drivers
v0x5591eea9ef30_0 .net *"_s146", 31 0, L_0x5591eeabedd0;  1 drivers
L_0x7f714bc4d888 .functor BUFT 1, C4<0000000000000000000000000000>, C4<0>, C4<0>, C4<0>;
v0x5591eea9f010_0 .net *"_s149", 27 0, L_0x7f714bc4d888;  1 drivers
L_0x7f714bc4d8d0 .functor BUFT 1, C4<00000000000000000000000000001110>, C4<0>, C4<0>, C4<0>;
v0x5591eea9f0f0_0 .net/2u *"_s150", 31 0, L_0x7f714bc4d8d0;  1 drivers
v0x5591eea9f1d0_0 .net *"_s152", 0 0, L_0x5591eeabeec0;  1 drivers
v0x5591eea9f290_0 .net *"_s154", 0 0, L_0x5591eeabf110;  1 drivers
v0x5591eea9f350_0 .net *"_s156", 31 0, L_0x5591eeabf2a0;  1 drivers
L_0x7f714bc4d918 .functor BUFT 1, C4<0000000000000000000000000000>, C4<0>, C4<0>, C4<0>;
v0x5591eea9f430_0 .net *"_s159", 27 0, L_0x7f714bc4d918;  1 drivers
L_0x7f714bc4d960 .functor BUFT 1, C4<00000000000000000000000000001101>, C4<0>, C4<0>, C4<0>;
v0x5591eea9f510_0 .net/2u *"_s160", 31 0, L_0x7f714bc4d960;  1 drivers
v0x5591eea9f5f0_0 .net *"_s162", 0 0, L_0x5591eeabf5a0;  1 drivers
v0x5591eea9f6b0_0 .net *"_s164", 0 0, L_0x5591eeabe9c0;  1 drivers
v0x5591eea9f770_0 .net *"_s166", 31 0, L_0x5591eeabf8a0;  1 drivers
L_0x7f714bc4d9a8 .functor BUFT 1, C4<0000000000000000000000000000>, C4<0>, C4<0>, C4<0>;
v0x5591eea9fa60_0 .net *"_s169", 27 0, L_0x7f714bc4d9a8;  1 drivers
L_0x7f714bc4d9f0 .functor BUFT 1, C4<00000000000000000000000000001111>, C4<0>, C4<0>, C4<0>;
v0x5591eea9fb40_0 .net/2u *"_s170", 31 0, L_0x7f714bc4d9f0;  1 drivers
v0x5591eea9fc20_0 .net *"_s172", 0 0, L_0x5591eeabf990;  1 drivers
v0x5591eea9fce0_0 .net *"_s178", 31 0, L_0x5591eeabfd30;  1 drivers
v0x5591eea9fdc0_0 .net *"_s18", 31 0, L_0x5591eeabbe50;  1 drivers
L_0x7f714bc4da38 .functor BUFT 1, C4<0000000000000000000000000000>, C4<0>, C4<0>, C4<0>;
v0x5591eea9fea0_0 .net *"_s181", 27 0, L_0x7f714bc4da38;  1 drivers
L_0x7f714bc4da80 .functor BUFT 1, C4<00000000000000000000000000000111>, C4<0>, C4<0>, C4<0>;
v0x5591eea9ff80_0 .net/2u *"_s182", 31 0, L_0x7f714bc4da80;  1 drivers
v0x5591eeaa0060_0 .net *"_s184", 0 0, L_0x5591eeabff60;  1 drivers
v0x5591eeaa0120_0 .net *"_s187", 15 0, L_0x5591eeac00a0;  1 drivers
v0x5591eeaa0200_0 .net *"_s189", 15 0, L_0x5591eeac0290;  1 drivers
v0x5591eeaa02e0_0 .net *"_s190", 31 0, L_0x5591eeac0330;  1 drivers
v0x5591eeaa03c0_0 .net *"_s193", 0 0, L_0x5591eeac0580;  1 drivers
v0x5591eeaa04a0_0 .net *"_s194", 3 0, L_0x5591eeac0620;  1 drivers
v0x5591eeaa0580_0 .net *"_s197", 27 0, L_0x5591eeac0880;  1 drivers
v0x5591eeaa0660_0 .net *"_s198", 31 0, L_0x5591eeac0920;  1 drivers
v0x5591eeaa0740_0 .net *"_s202", 0 0, L_0x5591eeac0d50;  1 drivers
v0x5591eeaa0820_0 .net *"_s204", 0 0, L_0x5591eeac0e10;  1 drivers
v0x5591eeaa0900_0 .net *"_s206", 31 0, L_0x5591eeac0fc0;  1 drivers
L_0x7f714bc4dac8 .functor BUFT 1, C4<0000000000000000000000>, C4<0>, C4<0>, C4<0>;
v0x5591eeaa09e0_0 .net *"_s209", 21 0, L_0x7f714bc4dac8;  1 drivers
L_0x7f714bc4d138 .functor BUFT 1, C4<0000000000000000000000000000>, C4<0>, C4<0>, C4<0>;
v0x5591eeaa0ac0_0 .net *"_s21", 27 0, L_0x7f714bc4d138;  1 drivers
L_0x7f714bc4db10 .functor BUFT 1, C4<00000000000000000000001000010000>, C4<0>, C4<0>, C4<0>;
v0x5591eeaa0ba0_0 .net/2u *"_s210", 31 0, L_0x7f714bc4db10;  1 drivers
v0x5591eeaa0c80_0 .net *"_s212", 0 0, L_0x5591eeac1240;  1 drivers
v0x5591eeaa0d40_0 .net *"_s214", 0 0, L_0x5591eeac1380;  1 drivers
v0x5591eeaa0e00_0 .net *"_s216", 31 0, L_0x5591eeac1490;  1 drivers
L_0x7f714bc4db58 .functor BUFT 1, C4<0000000000000000000000>, C4<0>, C4<0>, C4<0>;
v0x5591eeaa0ee0_0 .net *"_s219", 21 0, L_0x7f714bc4db58;  1 drivers
L_0x7f714bc4d180 .functor BUFT 1, C4<00000000000000000000000000001000>, C4<0>, C4<0>, C4<0>;
v0x5591eeaa0fc0_0 .net/2u *"_s22", 31 0, L_0x7f714bc4d180;  1 drivers
L_0x7f714bc4dba0 .functor BUFT 1, C4<00000000000000000000001000010001>, C4<0>, C4<0>, C4<0>;
v0x5591eeaa10a0_0 .net/2u *"_s220", 31 0, L_0x7f714bc4dba0;  1 drivers
v0x5591eeaa1180_0 .net *"_s222", 0 0, L_0x5591eeac16d0;  1 drivers
v0x5591eeaa1240_0 .net *"_s24", 0 0, L_0x5591eeabbf90;  1 drivers
v0x5591eeaa1300_0 .net *"_s26", 31 0, L_0x5591eeabc110;  1 drivers
L_0x7f714bc4d1c8 .functor BUFT 1, C4<0000000000000000000000000000>, C4<0>, C4<0>, C4<0>;
v0x5591eeaa13e0_0 .net *"_s29", 27 0, L_0x7f714bc4d1c8;  1 drivers
L_0x7f714bc4d018 .functor BUFT 1, C4<0000000000000000000000000000>, C4<0>, C4<0>, C4<0>;
v0x5591eeaa14c0_0 .net *"_s3", 27 0, L_0x7f714bc4d018;  1 drivers
L_0x7f714bc4d210 .functor BUFT 1, C4<00000000000000000000000000001010>, C4<0>, C4<0>, C4<0>;
v0x5591eeaa19b0_0 .net/2u *"_s30", 31 0, L_0x7f714bc4d210;  1 drivers
v0x5591eeaa1a90_0 .net *"_s32", 0 0, L_0x5591eeabc1b0;  1 drivers
v0x5591eeaa1b50_0 .net *"_s38", 31 0, L_0x5591eeabc480;  1 drivers
L_0x7f714bc4d060 .functor BUFT 1, C4<00000000000000000000000000000110>, C4<0>, C4<0>, C4<0>;
v0x5591eeaa1c30_0 .net/2u *"_s4", 31 0, L_0x7f714bc4d060;  1 drivers
L_0x7f714bc4d258 .functor BUFT 1, C4<0000000000000000000000000000>, C4<0>, C4<0>, C4<0>;
v0x5591eeaa1d10_0 .net *"_s41", 27 0, L_0x7f714bc4d258;  1 drivers
L_0x7f714bc4d2a0 .functor BUFT 1, C4<00000000000000000000000000001001>, C4<0>, C4<0>, C4<0>;
v0x5591eeaa1df0_0 .net/2u *"_s42", 31 0, L_0x7f714bc4d2a0;  1 drivers
v0x5591eeaa1ed0_0 .net *"_s44", 0 0, L_0x5591eeabc600;  1 drivers
v0x5591eeaa1f90_0 .net *"_s46", 31 0, L_0x5591eeabc750;  1 drivers
L_0x7f714bc4d2e8 .functor BUFT 1, C4<0000000000000000000000000000>, C4<0>, C4<0>, C4<0>;
v0x5591eeaa2070_0 .net *"_s49", 27 0, L_0x7f714bc4d2e8;  1 drivers
L_0x7f714bc4d330 .functor BUFT 1, C4<00000000000000000000000000001011>, C4<0>, C4<0>, C4<0>;
v0x5591eeaa2150_0 .net/2u *"_s50", 31 0, L_0x7f714bc4d330;  1 drivers
v0x5591eeaa2230_0 .net *"_s52", 0 0, L_0x5591eeabc7f0;  1 drivers
v0x5591eeaa22f0_0 .net *"_s56", 31 0, L_0x5591eeabca40;  1 drivers
L_0x7f714bc4d378 .functor BUFT 1, C4<0000000000000000000000000000>, C4<0>, C4<0>, C4<0>;
v0x5591eeaa23d0_0 .net *"_s59", 27 0, L_0x7f714bc4d378;  1 drivers
v0x5591eeaa24b0_0 .net *"_s6", 0 0, L_0x5591eeabb9f0;  1 drivers
L_0x7f714bc4d3c0 .functor BUFT 1, C4<00000000000000000000000000000000>, C4<0>, C4<0>, C4<0>;
v0x5591eeaa2570_0 .net/2u *"_s60", 31 0, L_0x7f714bc4d3c0;  1 drivers
v0x5591eeaa2650_0 .net *"_s62", 0 0, L_0x5591eeabcb30;  1 drivers
v0x5591eeaa2710_0 .net *"_s64", 31 0, L_0x5591eeabccf0;  1 drivers
L_0x7f714bc4d408 .functor BUFT 1, C4<0000000000000000000000000000>, C4<0>, C4<0>, C4<0>;
v0x5591eeaa27f0_0 .net *"_s67", 27 0, L_0x7f714bc4d408;  1 drivers
L_0x7f714bc4d450 .functor BUFT 1, C4<00000000000000000000000000000011>, C4<0>, C4<0>, C4<0>;
v0x5591eeaa28d0_0 .net/2u *"_s68", 31 0, L_0x7f714bc4d450;  1 drivers
v0x5591eeaa29b0_0 .net *"_s70", 0 0, L_0x5591eeabcef0;  1 drivers
v0x5591eeaa2a70_0 .net *"_s74", 31 0, L_0x5591eeabd160;  1 drivers
L_0x7f714bc4d498 .functor BUFT 1, C4<0000000000000000000000000000>, C4<0>, C4<0>, C4<0>;
v0x5591eeaa2b50_0 .net *"_s77", 27 0, L_0x7f714bc4d498;  1 drivers
L_0x7f714bc4d4e0 .functor BUFT 1, C4<00000000000000000000000000000000>, C4<0>, C4<0>, C4<0>;
v0x5591eeaa2c30_0 .net/2u *"_s78", 31 0, L_0x7f714bc4d4e0;  1 drivers
v0x5591eeaa2d10_0 .net *"_s8", 31 0, L_0x5591eeabbb30;  1 drivers
v0x5591eeaa2df0_0 .net *"_s80", 0 0, L_0x5591eeabd360;  1 drivers
v0x5591eeaa2eb0_0 .net *"_s82", 31 0, L_0x5591eeabd540;  1 drivers
L_0x7f714bc4d528 .functor BUFT 1, C4<0000000000000000000000000000>, C4<0>, C4<0>, C4<0>;
v0x5591eeaa2f90_0 .net *"_s85", 27 0, L_0x7f714bc4d528;  1 drivers
L_0x7f714bc4d570 .functor BUFT 1, C4<00000000000000000000000000000001>, C4<0>, C4<0>, C4<0>;
v0x5591eeaa3070_0 .net/2u *"_s86", 31 0, L_0x7f714bc4d570;  1 drivers
v0x5591eeaa3150_0 .net *"_s88", 0 0, L_0x5591eeabd630;  1 drivers
v0x5591eeaa3210_0 .net *"_s90", 0 0, L_0x5591eea5e2b0;  1 drivers
v0x5591eeaa32d0_0 .net *"_s92", 31 0, L_0x5591eeabd4a0;  1 drivers
L_0x7f714bc4d5b8 .functor BUFT 1, C4<0000000000000000000000000000>, C4<0>, C4<0>, C4<0>;
v0x5591eeaa33b0_0 .net *"_s95", 27 0, L_0x7f714bc4d5b8;  1 drivers
L_0x7f714bc4d600 .functor BUFT 1, C4<00000000000000000000000000000010>, C4<0>, C4<0>, C4<0>;
v0x5591eeaa3490_0 .net/2u *"_s96", 31 0, L_0x7f714bc4d600;  1 drivers
v0x5591eeaa3570_0 .net *"_s98", 0 0, L_0x5591eeabd950;  1 drivers
v0x5591eeaa3630_0 .var "adder_res", 31 0;
v0x5591eeaa3710_0 .net "alu_arith_ops", 0 0, L_0x5591eea5d630;  1 drivers
v0x5591eeaa37d0_0 .var "alu_carry", 0 0;
v0x5591eeaa3890_0 .net "alu_imm_ops", 0 0, L_0x5591eeabc930;  1 drivers
v0x5591eeaa3950_0 .net "alu_logic_ops", 0 0, L_0x5591eea30ac0;  1 drivers
v0x5591eeaa3a10_0 .net "alu_mem_ops", 0 0, L_0x5591eeabe720;  1 drivers
v0x5591eeaa3ad0_0 .var "alu_negative", 0 0;
v0x5591eeaa3b90_0 .net "alu_ops", 0 0, L_0x5591eeabe900;  1 drivers
v0x5591eeaa3c50_0 .var "alu_overflow", 0 0;
v0x5591eeaa3d10_0 .var "alu_result", 31 0;
v0x5591eeaa3df0_0 .net "and_res", 31 0, L_0x5591eeac1b70;  1 drivers
v0x5591eeaa3ed0_0 .net "branch_ops", 0 0, L_0x5591eeabf6e0;  1 drivers
v0x5591eeaa3f90_0 .var "carry_res_n", 0 0;
v0x5591eeaa4050_0 .var "carry_res_n_1", 31 0;
v0x5591eeaa4130_0 .net "clk", 0 0, v0x5591eeaaa560_0;  alias, 1 drivers
v0x5591eeaa41f0_0 .net/s "imm", 31 0, L_0x5591eeac0bc0;  1 drivers
v0x5591eeaa42d0_0 .net "imm_ops", 0 0, L_0x5591eeabea30;  1 drivers
v0x5591eeaa4390_0 .net "instruction", 31 0, v0x5591eeaa7c10_0;  alias, 1 drivers
v0x5591eeaa4470_0 .net "load_imm_ops", 0 0, L_0x5591eea69870;  1 drivers
v0x5591eeaa4530_0 .net "load_mem_ops", 0 0, L_0x5591eea71a30;  1 drivers
v0x5591eeaa45f0_0 .net "load_ops", 0 0, L_0x5591eea720c0;  1 drivers
v0x5591eeaa46b0_0 .var "mem_addr", 9 0;
v0x5591eeaa4770_0 .net "mem_data_from", 31 0, v0x5591eea9cd80_0;  alias, 1 drivers
v0x5591eeaa4810_0 .net "mem_data_to", 31 0, L_0x5591eeac1a40;  alias, 1 drivers
v0x5591eeaa48d0_0 .net "mem_sel", 0 0, L_0x5591eeac1810;  alias, 1 drivers
v0x5591eeaa4970_0 .net "mem_we", 0 0, L_0x5591eeac19d0;  alias, 1 drivers
v0x5591eeaa4a10_0 .net "opcode", 3 0, L_0x5591eeabfc90;  1 drivers
v0x5591eeaa4af0_0 .var "operand", 31 0;
v0x5591eeaa4bd0_0 .var "pc", 8 0;
v0x5591eeaa4cb0_0 .var "regA", 31 0;
v0x5591eeaa55a0_0 .var "regB", 31 0;
v0x5591eeaa5680_0 .var "regC", 2 0;
v0x5591eeaa5760_0 .net "rst", 0 0, v0x5591eeaab700_0;  alias, 1 drivers
v0x5591eeaa5820_0 .net "store_mem_ops", 0 0, L_0x5591eea5da10;  1 drivers
v0x5591eeaa58e0_0 .net "xor_res", 31 0, L_0x5591eeac1be0;  1 drivers
E_0x5591eea85aa0/0 .event edge, v0x5591eeaa3710_0, v0x5591eeaa3630_0, v0x5591eeaa3f90_0, v0x5591eeaa4050_0;
E_0x5591eea85aa0/1 .event edge, v0x5591eeaa4a10_0, v0x5591eeaa4af0_0, v0x5591eeaa4cb0_0, v0x5591eeaa3df0_0;
E_0x5591eea85aa0/2 .event edge, v0x5591eeaa58e0_0;
E_0x5591eea85aa0 .event/or E_0x5591eea85aa0/0, E_0x5591eea85aa0/1, E_0x5591eea85aa0/2;
E_0x5591eea85a20 .event edge, v0x5591eeaa4a10_0, v0x5591eeaa4050_0, v0x5591eeaa4cb0_0, v0x5591eeaa4af0_0;
E_0x5591eea86910 .event edge, v0x5591eeaa4a10_0, v0x5591eeaa4cb0_0, v0x5591eeaa4af0_0, v0x5591eeaa4050_0;
E_0x5591eea9da60 .event edge, v0x5591eeaa4a10_0, v0x5591eeaa4cb0_0, v0x5591eeaa4af0_0;
E_0x5591eea9daf0 .event posedge, v0x5591eeaa5760_0, v0x5591eeaa4130_0;
E_0x5591eea9db50/0 .event edge, v0x5591eeaa45f0_0, v0x5591eeaa3b90_0, v0x5591eea5e930_0, v0x5591eeaa55a0_0;
E_0x5591eea9db50/1 .event edge, v0x5591eeaa5680_0, v0x5591eeaa42d0_0, v0x5591eeaa41f0_0, v0x5591eea9d260_0;
E_0x5591eea9db50/2 .event edge, v0x5591eea9cd80_0;
E_0x5591eea9db50 .event/or E_0x5591eea9db50/0, E_0x5591eea9db50/1, E_0x5591eea9db50/2;
E_0x5591eea9dc20 .event edge, v0x5591eeaa4a10_0, v0x5591eeaa55a0_0, v0x5591eeaa41f0_0;
L_0x5591eeaab920 .concat [ 4 28 0 0], L_0x5591eeabfc90, L_0x7f714bc4d018;
L_0x5591eeabb9f0 .cmp/eq 32, L_0x5591eeaab920, L_0x7f714bc4d060;
L_0x5591eeabbb30 .concat [ 4 28 0 0], L_0x5591eeabfc90, L_0x7f714bc4d0a8;
L_0x5591eeabbc70 .cmp/eq 32, L_0x5591eeabbb30, L_0x7f714bc4d0f0;
L_0x5591eeabbe50 .concat [ 4 28 0 0], L_0x5591eeabfc90, L_0x7f714bc4d138;
L_0x5591eeabbf90 .cmp/eq 32, L_0x5591eeabbe50, L_0x7f714bc4d180;
L_0x5591eeabc110 .concat [ 4 28 0 0], L_0x5591eeabfc90, L_0x7f714bc4d1c8;
L_0x5591eeabc1b0 .cmp/eq 32, L_0x5591eeabc110, L_0x7f714bc4d210;
L_0x5591eeabc480 .concat [ 4 28 0 0], L_0x5591eeabfc90, L_0x7f714bc4d258;
L_0x5591eeabc600 .cmp/eq 32, L_0x5591eeabc480, L_0x7f714bc4d2a0;
L_0x5591eeabc750 .concat [ 4 28 0 0], L_0x5591eeabfc90, L_0x7f714bc4d2e8;
L_0x5591eeabc7f0 .cmp/eq 32, L_0x5591eeabc750, L_0x7f714bc4d330;
L_0x5591eeabca40 .concat [ 4 28 0 0], L_0x5591eeabfc90, L_0x7f714bc4d378;
L_0x5591eeabcb30 .cmp/eq 32, L_0x5591eeabca40, L_0x7f714bc4d3c0;
L_0x5591eeabccf0 .concat [ 4 28 0 0], L_0x5591eeabfc90, L_0x7f714bc4d408;
L_0x5591eeabcef0 .cmp/eq 32, L_0x5591eeabccf0, L_0x7f714bc4d450;
L_0x5591eeabd160 .concat [ 4 28 0 0], L_0x5591eeabfc90, L_0x7f714bc4d498;
L_0x5591eeabd360 .cmp/eq 32, L_0x5591eeabd160, L_0x7f714bc4d4e0;
L_0x5591eeabd540 .concat [ 4 28 0 0], L_0x5591eeabfc90, L_0x7f714bc4d528;
L_0x5591eeabd630 .cmp/eq 32, L_0x5591eeabd540, L_0x7f714bc4d570;
L_0x5591eeabd4a0 .concat [ 4 28 0 0], L_0x5591eeabfc90, L_0x7f714bc4d5b8;
L_0x5591eeabd950 .cmp/eq 32, L_0x5591eeabd4a0, L_0x7f714bc4d600;
L_0x5591eeabdbf0 .concat [ 4 28 0 0], L_0x5591eeabfc90, L_0x7f714bc4d648;
L_0x5591eeabdce0 .cmp/eq 32, L_0x5591eeabdbf0, L_0x7f714bc4d690;
L_0x5591eeabdef0 .concat [ 4 28 0 0], L_0x5591eeabfc90, L_0x7f714bc4d6d8;
L_0x5591eeabdfe0 .cmp/eq 32, L_0x5591eeabdef0, L_0x7f714bc4d720;
L_0x5591eeabe2f0 .concat [ 4 28 0 0], L_0x5591eeabfc90, L_0x7f714bc4d768;
L_0x5591eeabe3e0 .cmp/ne 32, L_0x5591eeabe2f0, L_0x7f714bc4d7b0;
L_0x5591eeabeaa0 .concat [ 4 28 0 0], L_0x5591eeabfc90, L_0x7f714bc4d7f8;
L_0x5591eeabeb90 .cmp/eq 32, L_0x5591eeabeaa0, L_0x7f714bc4d840;
L_0x5591eeabedd0 .concat [ 4 28 0 0], L_0x5591eeabfc90, L_0x7f714bc4d888;
L_0x5591eeabeec0 .cmp/eq 32, L_0x5591eeabedd0, L_0x7f714bc4d8d0;
L_0x5591eeabf2a0 .concat [ 4 28 0 0], L_0x5591eeabfc90, L_0x7f714bc4d918;
L_0x5591eeabf5a0 .cmp/eq 32, L_0x5591eeabf2a0, L_0x7f714bc4d960;
L_0x5591eeabf8a0 .concat [ 4 28 0 0], L_0x5591eeabfc90, L_0x7f714bc4d9a8;
L_0x5591eeabf990 .cmp/eq 32, L_0x5591eeabf8a0, L_0x7f714bc4d9f0;
L_0x5591eeabfc90 .part v0x5591eeaa7c10_0, 28, 4;
L_0x5591eeabfd30 .concat [ 4 28 0 0], L_0x5591eeabfc90, L_0x7f714bc4da38;
L_0x5591eeabff60 .cmp/eq 32, L_0x5591eeabfd30, L_0x7f714bc4da80;
L_0x5591eeac00a0 .part v0x5591eeaa7c10_0, 0, 16;
L_0x5591eeac0290 .part v0x5591eeaa4cb0_0, 0, 16;
L_0x5591eeac0330 .concat [ 16 16 0 0], L_0x5591eeac0290, L_0x5591eeac00a0;
L_0x5591eeac0580 .part v0x5591eeaa7c10_0, 27, 1;
L_0x5591eeac0620 .concat [ 1 1 1 1], L_0x5591eeac0580, L_0x5591eeac0580, L_0x5591eeac0580, L_0x5591eeac0580;
L_0x5591eeac0880 .part v0x5591eeaa7c10_0, 0, 28;
L_0x5591eeac0920 .concat [ 28 4 0 0], L_0x5591eeac0880, L_0x5591eeac0620;
L_0x5591eeac0bc0 .functor MUXZ 32, L_0x5591eeac0920, L_0x5591eeac0330, L_0x5591eeabff60, C4<>;
L_0x5591eeac0fc0 .concat [ 10 22 0 0], v0x5591eeaa46b0_0, L_0x7f714bc4dac8;
L_0x5591eeac1240 .cmp/ne 32, L_0x5591eeac0fc0, L_0x7f714bc4db10;
L_0x5591eeac1490 .concat [ 10 22 0 0], v0x5591eeaa46b0_0, L_0x7f714bc4db58;
L_0x5591eeac16d0 .cmp/ne 32, L_0x5591eeac1490, L_0x7f714bc4dba0;
S_0x5591eea812f0 .scope module, "cprint" "xcprint" 5 180, 8 4 0, S_0x5591eea7fdf0;
 .timescale -9 -12;
    .port_info 0 /INPUT 1 "clk";
    .port_info 1 /INPUT 1 "sel";
    .port_info 2 /INPUT 8 "data_in";
v0x5591eeaa5bb0_0 .net "clk", 0 0, v0x5591eeaaa560_0;  alias, 1 drivers
v0x5591eeaa5ca0_0 .net "data_in", 7 0, L_0x5591eeac27f0;  1 drivers
v0x5591eeaa5d60_0 .net "sel", 0 0, L_0x5591eeac2700;  1 drivers
E_0x5591eeaa5b30 .event posedge, v0x5591eeaa4130_0;
S_0x5591eea819f0 .scope module, "displayDecoder" "xdispDecoder" 5 163, 9 3 0, S_0x5591eea7fdf0;
 .timescale -9 -12;
    .port_info 0 /INPUT 1 "clk";
    .port_info 1 /INPUT 1 "rst";
    .port_info 2 /INPUT 2 "msg";
    .port_info 3 /INPUT 1 "led0_sel";
    .port_info 4 /INPUT 1 "wr_enable";
    .port_info 5 /INPUT 8 "bin";
    .port_info 6 /INPUT 1 "sgn";
    .port_info 7 /INPUT 2 "dot";
    .port_info 8 /OUTPUT 4 "disp_select";
    .port_info 9 /OUTPUT 8 "disp_value";
v0x5591eeaa6130_0 .net "LED_activating_counter", 1 0, L_0x5591eeac2530;  1 drivers
v0x5591eeaa6230_0 .var "aux", 4 0;
v0x5591eeaa6310_0 .var "bcd", 11 0;
v0x5591eeaa6400_0 .net "bin", 7 0, L_0x5591eeac25d0;  1 drivers
v0x5591eeaa64e0_0 .var "bin_reg", 7 0;
v0x5591eeaa6610_0 .net "clk", 0 0, v0x5591eeaaa560_0;  alias, 1 drivers
v0x5591eeaa6700_0 .var "disp_dot", 1 0;
v0x5591eeaa67e0_0 .var "disp_select", 3 0;
v0x5591eeaa68c0_0 .var "disp_value", 7 0;
L_0x7f714bc4dd50 .functor BUFT 1, C4<00>, C4<0>, C4<0>, C4<0>;
v0x5591eeaa69a0_0 .net "dot", 1 0, L_0x7f714bc4dd50;  1 drivers
v0x5591eeaa6a80_0 .var "j", 3 0;
v0x5591eeaa6b60_0 .net "led0_sel", 0 0, v0x5591eea9ce60_0;  alias, 1 drivers
L_0x7f714bc4dcc0 .functor BUFT 1, C4<00>, C4<0>, C4<0>, C4<0>;
v0x5591eeaa6c00_0 .net "msg", 1 0, L_0x7f714bc4dcc0;  1 drivers
v0x5591eeaa6cc0_0 .var "refresh_counter", 19 0;
v0x5591eeaa6da0_0 .net "rst", 0 0, v0x5591eeaab700_0;  alias, 1 drivers
L_0x7f714bc4dd08 .functor BUFT 1, C4<0>, C4<0>, C4<0>, C4<0>;
v0x5591eeaa6e40_0 .net "sgn", 0 0, L_0x7f714bc4dd08;  1 drivers
v0x5591eeaa6ee0_0 .net "wr_enable", 0 0, L_0x5591eeac19d0;  alias, 1 drivers
E_0x5591eeaa6000/0 .event edge, v0x5591eeaa6130_0, v0x5591eeaa6c00_0, v0x5591eeaa6310_0, v0x5591eeaa69a0_0;
E_0x5591eeaa6000/1 .event edge, v0x5591eeaa6e40_0;
E_0x5591eeaa6000 .event/or E_0x5591eeaa6000/0, E_0x5591eeaa6000/1;
E_0x5591eeaa6070 .event edge, v0x5591eeaa6230_0, v0x5591eeaa6700_0;
E_0x5591eeaa60d0 .event edge, v0x5591eeaa64e0_0;
L_0x5591eeac2530 .part v0x5591eeaa6cc0_0, 18, 2;
S_0x5591eea820f0 .scope module, "ram" "xram" 5 89, 10 4 0, S_0x5591eea7fdf0;
 .timescale -9 -12;
    .port_info 0 /INPUT 1 "clk";
    .port_info 1 /INPUT 9 "pc";
    .port_info 2 /OUTPUT 32 "instruction";
    .port_info 3 /INPUT 1 "data_sel";
    .port_info 4 /INPUT 1 "data_we";
    .port_info 5 /INPUT 9 "data_addr";
    .port_info 6 /INPUT 32 "data_in";
    .port_info 7 /OUTPUT 32 "data_out";
L_0x5591eeac1db0 .functor BUFZ 9, L_0x5591eeac0f20, C4<000000000>, C4<000000000>, C4<000000000>;
L_0x5591eeac1e20 .functor BUFZ 1, L_0x5591eeac19d0, C4<0>, C4<0>, C4<0>;
L_0x5591eeac1e90 .functor BUFZ 32, L_0x5591eeac1a40, C4<00000000000000000000000000000000>, C4<00000000000000000000000000000000>, C4<00000000000000000000000000000000>;
L_0x5591eeac1f00 .functor BUFZ 1, v0x5591eea9d000_0, C4<0>, C4<0>, C4<0>;
L_0x5591eeac1fd0 .functor BUFZ 32, v0x5591eeaa7880_0, C4<00000000000000000000000000000000>, C4<00000000000000000000000000000000>, C4<00000000000000000000000000000000>;
v0x5591eeaa72a0_0 .net "clk", 0 0, v0x5591eeaaa560_0;  alias, 1 drivers
v0x5591eeaa7360_0 .net "data_addr", 8 0, L_0x5591eeac0f20;  1 drivers
v0x5591eeaa7440_0 .net "data_addr_int", 8 0, L_0x5591eeac1db0;  1 drivers
v0x5591eeaa7500_0 .net "data_en_int", 0 0, L_0x5591eeac1f00;  1 drivers
v0x5591eeaa75c0_0 .net "data_in", 31 0, L_0x5591eeac1a40;  alias, 1 drivers
v0x5591eeaa76d0_0 .net "data_in_int", 31 0, L_0x5591eeac1e90;  1 drivers
v0x5591eeaa7790_0 .net "data_out", 31 0, L_0x5591eeac1fd0;  alias, 1 drivers
v0x5591eeaa7880_0 .var "data_out_int", 31 0;
v0x5591eeaa7940_0 .net "data_sel", 0 0, v0x5591eea9d000_0;  alias, 1 drivers
v0x5591eeaa7a10_0 .net "data_we", 0 0, L_0x5591eeac19d0;  alias, 1 drivers
v0x5591eeaa7ab0_0 .net "data_we_int", 0 0, L_0x5591eeac1e20;  1 drivers
L_0x7f714bc4dbe8 .functor BUFT 1, C4<1>, C4<0>, C4<0>, C4<0>;
v0x5591eeaa7b50_0 .net "instr_en", 0 0, L_0x7f714bc4dbe8;  1 drivers
v0x5591eeaa7c10_0 .var "instruction", 31 0;
v0x5591eeaa7cd0 .array "mem", 0 511, 31 0;
v0x5591eeaa7d70_0 .net "pc", 8 0, v0x5591eeaa4bd0_0;  alias, 1 drivers
S_0x5591eeaa7f90 .scope module, "regf" "xregf" 5 106, 11 4 0, S_0x5591eea7fdf0;
 .timescale -9 -12;
    .port_info 0 /INPUT 1 "clk";
    .port_info 1 /INPUT 1 "sel";
    .port_info 2 /INPUT 1 "we";
    .port_info 3 /INPUT 4 "addr";
    .port_info 4 /INPUT 32 "data_in";
    .port_info 5 /OUTPUT 32 "data_out";
v0x5591eeaa8200_0 .net *"_s0", 31 0, L_0x5591eeac20c0;  1 drivers
v0x5591eeaa8300_0 .net *"_s2", 5 0, L_0x5591eeac2190;  1 drivers
L_0x7f714bc4dc30 .functor BUFT 1, C4<00>, C4<0>, C4<0>, C4<0>;
v0x5591eeaa83e0_0 .net *"_s5", 1 0, L_0x7f714bc4dc30;  1 drivers
L_0x7f714bc4dc78 .functor BUFT 1, C4<00000000000000000000000000000000>, C4<0>, C4<0>, C4<0>;
v0x5591eeaa84d0_0 .net/2u *"_s6", 31 0, L_0x7f714bc4dc78;  1 drivers
v0x5591eeaa85b0_0 .net "addr", 3 0, L_0x5591eeac2440;  1 drivers
v0x5591eeaa86e0_0 .net "clk", 0 0, v0x5591eeaaa560_0;  alias, 1 drivers
v0x5591eeaa8780_0 .net "data_in", 31 0, L_0x5591eeac1a40;  alias, 1 drivers
v0x5591eeaa8840_0 .net "data_out", 31 0, L_0x5591eeac2300;  alias, 1 drivers
v0x5591eeaa8900 .array "regf", 0 15, 31 0;
v0x5591eeaa8ba0_0 .net "sel", 0 0, v0x5591eea9d1a0_0;  alias, 1 drivers
v0x5591eeaa8c40_0 .net "we", 0 0, L_0x5591eeac19d0;  alias, 1 drivers
L_0x5591eeac20c0 .array/port v0x5591eeaa8900, L_0x5591eeac2190;
L_0x5591eeac2190 .concat [ 4 2 0 0], L_0x5591eeac2440, L_0x7f714bc4dc30;
L_0x5591eeac2300 .functor MUXZ 32, L_0x7f714bc4dc78, L_0x5591eeac20c0, v0x5591eea9d1a0_0, C4<>;
    .scope S_0x5591eea827f0;
T_0 ;
    %wait E_0x5591ee9ea0d0;
    %load/vec4 v0x5591eea5e3d0_0;
    %flag_set/vec4 8;
    %jmp/0xz  T_0.0, 8;
    %pushi/vec4 0, 0, 1;
    %assign/vec4 v0x5591eea5db30_0, 0;
    %jmp T_0.1;
T_0.0 ;
    %load/vec4 v0x5591eea5dbd0_0;
    %load/vec4 v0x5591eea5e470_0;
    %and;
    %flag_set/vec4 8;
    %jmp/0xz  T_0.2, 8;
    %pushi/vec4 1, 0, 1;
    %assign/vec4 v0x5591eea5db30_0, 0;
T_0.2 ;
T_0.1 ;
    %jmp T_0;
    .thread T_0;
    .scope S_0x5591eea80bf0;
T_1 ;
    %wait E_0x5591eea9dc20;
    %load/vec4 v0x5591eeaa4a10_0;
    %pad/u 32;
    %cmpi/e 10, 0, 32;
    %flag_mov 8, 4;
    %load/vec4 v0x5591eeaa4a10_0;
    %pad/u 32;
    %cmpi/e 11, 0, 32;
    %flag_or 4, 8;
    %jmp/0xz  T_1.0, 4;
    %load/vec4 v0x5591eeaa55a0_0;
    %parti/s 10, 0, 2;
    %store/vec4 v0x5591eeaa46b0_0, 0, 10;
    %jmp T_1.1;
T_1.0 ;
    %load/vec4 v0x5591eeaa41f0_0;
    %parti/s 10, 0, 2;
    %store/vec4 v0x5591eeaa46b0_0, 0, 10;
T_1.1 ;
    %jmp T_1;
    .thread T_1, $push;
    .scope S_0x5591eea80bf0;
T_2 ;
    %wait E_0x5591eea9db50;
    %pushi/vec4 0, 0, 32;
    %store/vec4 v0x5591eeaa4af0_0, 0, 32;
    %load/vec4 v0x5591eeaa45f0_0;
    %flag_set/vec4 8;
    %load/vec4 v0x5591eeaa3b90_0;
    %flag_set/vec4 9;
    %flag_or 9, 8;
    %jmp/0xz  T_2.0, 9;
    %load/vec4 v0x5591eeaa46b0_0;
    %pad/u 32;
    %cmpi/e 528, 0, 32;
    %jmp/0xz  T_2.2, 4;
    %load/vec4 v0x5591eeaa55a0_0;
    %store/vec4 v0x5591eeaa4af0_0, 0, 32;
    %jmp T_2.3;
T_2.2 ;
    %load/vec4 v0x5591eeaa46b0_0;
    %pad/u 32;
    %cmpi/e 529, 0, 32;
    %jmp/0xz  T_2.4, 4;
    %load/vec4 v0x5591eeaa5680_0;
    %pad/u 32;
    %pushi/vec4 0, 0, 32;
    %or;
    %store/vec4 v0x5591eeaa4af0_0, 0, 32;
    %jmp T_2.5;
T_2.4 ;
    %load/vec4 v0x5591eeaa42d0_0;
    %flag_set/vec4 8;
    %jmp/0xz  T_2.6, 8;
    %load/vec4 v0x5591eeaa41f0_0;
    %store/vec4 v0x5591eeaa4af0_0, 0, 32;
    %jmp T_2.7;
T_2.6 ;
    %load/vec4 v0x5591eeaa48d0_0;
    %flag_set/vec4 8;
    %jmp/0xz  T_2.8, 8;
    %load/vec4 v0x5591eeaa4770_0;
    %store/vec4 v0x5591eeaa4af0_0, 0, 32;
T_2.8 ;
T_2.7 ;
T_2.5 ;
T_2.3 ;
T_2.0 ;
    %jmp T_2;
    .thread T_2, $push;
    .scope S_0x5591eea80bf0;
T_3 ;
    %wait E_0x5591eea9daf0;
    %load/vec4 v0x5591eeaa5760_0;
    %flag_set/vec4 8;
    %jmp/0xz  T_3.0, 8;
    %pushi/vec4 0, 0, 9;
    %assign/vec4 v0x5591eeaa4bd0_0, 0;
    %jmp T_3.1;
T_3.0 ;
    %load/vec4 v0x5591eeaa4bd0_0;
    %addi 1, 0, 9;
    %assign/vec4 v0x5591eeaa4bd0_0, 0;
    %load/vec4 v0x5591eeaa4a10_0;
    %pad/u 32;
    %pushi/vec4 12, 0, 32;
    %cmp/e;
    %flag_get/vec4 4;
    %load/vec4 v0x5591eeaa4cb0_0;
    %pushi/vec4 0, 0, 32;
    %cmp/e;
    %flag_get/vec4 4;
    %and;
    %flag_set/vec4 8;
    %jmp/0xz  T_3.2, 8;
    %load/vec4 v0x5591eeaa41f0_0;
    %parti/s 10, 0, 2;
    %pad/u 9;
    %assign/vec4 v0x5591eeaa4bd0_0, 0;
    %jmp T_3.3;
T_3.2 ;
    %load/vec4 v0x5591eeaa4a10_0;
    %pad/u 32;
    %pushi/vec4 14, 0, 32;
    %cmp/e;
    %flag_get/vec4 4;
    %load/vec4 v0x5591eeaa4cb0_0;
    %pushi/vec4 0, 0, 32;
    %cmp/ne;
    %flag_get/vec4 4;
    %and;
    %flag_set/vec4 8;
    %jmp/0xz  T_3.4, 8;
    %load/vec4 v0x5591eeaa41f0_0;
    %parti/s 10, 0, 2;
    %pad/u 9;
    %assign/vec4 v0x5591eeaa4bd0_0, 0;
    %jmp T_3.5;
T_3.4 ;
    %load/vec4 v0x5591eeaa4a10_0;
    %pad/u 32;
    %pushi/vec4 13, 0, 32;
    %cmp/e;
    %flag_get/vec4 4;
    %load/vec4 v0x5591eeaa4cb0_0;
    %pushi/vec4 0, 0, 32;
    %cmp/e;
    %flag_get/vec4 4;
    %and;
    %flag_set/vec4 8;
    %jmp/0xz  T_3.6, 8;
    %load/vec4 v0x5591eeaa55a0_0;
    %parti/s 10, 0, 2;
    %pad/u 9;
    %assign/vec4 v0x5591eeaa4bd0_0, 0;
    %jmp T_3.7;
T_3.6 ;
    %load/vec4 v0x5591eeaa4a10_0;
    %pad/u 32;
    %pushi/vec4 15, 0, 32;
    %cmp/e;
    %flag_get/vec4 4;
    %load/vec4 v0x5591eeaa4cb0_0;
    %pushi/vec4 0, 0, 32;
    %cmp/ne;
    %flag_get/vec4 4;
    %and;
    %flag_set/vec4 8;
    %jmp/0xz  T_3.8, 8;
    %load/vec4 v0x5591eeaa55a0_0;
    %parti/s 10, 0, 2;
    %pad/u 9;
    %assign/vec4 v0x5591eeaa4bd0_0, 0;
T_3.8 ;
T_3.7 ;
T_3.5 ;
T_3.3 ;
T_3.1 ;
    %jmp T_3;
    .thread T_3;
    .scope S_0x5591eea80bf0;
T_4 ;
    %wait E_0x5591eea9daf0;
    %load/vec4 v0x5591eeaa5760_0;
    %flag_set/vec4 8;
    %jmp/0xz  T_4.0, 8;
    %pushi/vec4 0, 0, 32;
    %assign/vec4 v0x5591eeaa4cb0_0, 0;
    %jmp T_4.1;
T_4.0 ;
    %load/vec4 v0x5591eeaa45f0_0;
    %flag_set/vec4 8;
    %jmp/0xz  T_4.2, 8;
    %load/vec4 v0x5591eeaa4af0_0;
    %assign/vec4 v0x5591eeaa4cb0_0, 0;
    %jmp T_4.3;
T_4.2 ;
    %load/vec4 v0x5591eeaa3b90_0;
    %flag_set/vec4 8;
    %jmp/0xz  T_4.4, 8;
    %load/vec4 v0x5591eeaa3d10_0;
    %assign/vec4 v0x5591eeaa4cb0_0, 0;
    %jmp T_4.5;
T_4.4 ;
    %load/vec4 v0x5591eeaa3ed0_0;
    %flag_set/vec4 8;
    %jmp/0xz  T_4.6, 8;
    %load/vec4 v0x5591eeaa4cb0_0;
    %subi 1, 0, 32;
    %assign/vec4 v0x5591eeaa4cb0_0, 0;
T_4.6 ;
T_4.5 ;
T_4.3 ;
T_4.1 ;
    %jmp T_4;
    .thread T_4;
    .scope S_0x5591eea80bf0;
T_5 ;
    %wait E_0x5591eea9daf0;
    %load/vec4 v0x5591eeaa5760_0;
    %flag_set/vec4 8;
    %jmp/0xz  T_5.0, 8;
    %pushi/vec4 0, 0, 32;
    %assign/vec4 v0x5591eeaa55a0_0, 0;
    %jmp T_5.1;
T_5.0 ;
    %load/vec4 v0x5591eeaa46b0_0;
    %pad/u 32;
    %pushi/vec4 528, 0, 32;
    %cmp/e;
    %flag_get/vec4 4;
    %load/vec4 v0x5591eeaa4970_0;
    %and;
    %flag_set/vec4 8;
    %jmp/0xz  T_5.2, 8;
    %load/vec4 v0x5591eeaa4cb0_0;
    %assign/vec4 v0x5591eeaa55a0_0, 0;
T_5.2 ;
T_5.1 ;
    %jmp T_5;
    .thread T_5;
    .scope S_0x5591eea80bf0;
T_6 ;
    %wait E_0x5591eea9daf0;
    %load/vec4 v0x5591eeaa5760_0;
    %flag_set/vec4 8;
    %jmp/0xz  T_6.0, 8;
    %pushi/vec4 0, 0, 3;
    %assign/vec4 v0x5591eeaa5680_0, 0;
    %jmp T_6.1;
T_6.0 ;
    %load/vec4 v0x5591eeaa3b90_0;
    %flag_set/vec4 8;
    %jmp/0xz  T_6.2, 8;
    %load/vec4 v0x5591eeaa3ad0_0;
    %load/vec4 v0x5591eeaa3c50_0;
    %concat/vec4; draw_concat_vec4
    %load/vec4 v0x5591eeaa37d0_0;
    %concat/vec4; draw_concat_vec4
    %assign/vec4 v0x5591eeaa5680_0, 0;
T_6.2 ;
T_6.1 ;
    %jmp T_6;
    .thread T_6;
    .scope S_0x5591eea80bf0;
T_7 ;
    %wait E_0x5591eea9da60;
    %load/vec4 v0x5591eeaa4a10_0;
    %pad/u 32;
    %cmpi/e 2, 0, 32;
    %jmp/0xz  T_7.0, 4;
    %pushi/vec4 0, 0, 1;
    %load/vec4 v0x5591eeaa4cb0_0;
    %parti/s 31, 0, 2;
    %concat/vec4; draw_concat_vec4
    %pushi/vec4 0, 0, 1;
    %load/vec4 v0x5591eeaa4af0_0;
    %parti/s 31, 0, 2;
    %concat/vec4; draw_concat_vec4
    %sub;
    %store/vec4 v0x5591eeaa4050_0, 0, 32;
    %jmp T_7.1;
T_7.0 ;
    %pushi/vec4 0, 0, 1;
    %load/vec4 v0x5591eeaa4cb0_0;
    %parti/s 31, 0, 2;
    %concat/vec4; draw_concat_vec4
    %pushi/vec4 0, 0, 1;
    %load/vec4 v0x5591eeaa4af0_0;
    %parti/s 31, 0, 2;
    %concat/vec4; draw_concat_vec4
    %add;
    %store/vec4 v0x5591eeaa4050_0, 0, 32;
T_7.1 ;
    %jmp T_7;
    .thread T_7, $push;
    .scope S_0x5591eea80bf0;
T_8 ;
    %wait E_0x5591eea86910;
    %load/vec4 v0x5591eeaa4a10_0;
    %pad/u 32;
    %cmpi/e 2, 0, 32;
    %jmp/0xz  T_8.0, 4;
    %load/vec4 v0x5591eeaa4cb0_0;
    %parti/s 1, 31, 6;
    %load/vec4 v0x5591eeaa4af0_0;
    %parti/s 1, 31, 6;
    %inv;
    %and;
    %load/vec4 v0x5591eeaa4cb0_0;
    %parti/s 1, 31, 6;
    %load/vec4 v0x5591eeaa4af0_0;
    %parti/s 1, 31, 6;
    %inv;
    %xor;
    %add;
    %load/vec4 v0x5591eeaa4050_0;
    %parti/s 1, 31, 6;
    %and;
    %store/vec4 v0x5591eeaa3f90_0, 0, 1;
    %jmp T_8.1;
T_8.0 ;
    %load/vec4 v0x5591eeaa4cb0_0;
    %parti/s 1, 31, 6;
    %load/vec4 v0x5591eeaa4af0_0;
    %parti/s 1, 31, 6;
    %and;
    %load/vec4 v0x5591eeaa4cb0_0;
    %parti/s 1, 31, 6;
    %load/vec4 v0x5591eeaa4af0_0;
    %parti/s 1, 31, 6;
    %xor;
    %add;
    %load/vec4 v0x5591eeaa4050_0;
    %parti/s 1, 31, 6;
    %and;
    %store/vec4 v0x5591eeaa3f90_0, 0, 1;
T_8.1 ;
    %jmp T_8;
    .thread T_8, $push;
    .scope S_0x5591eea80bf0;
T_9 ;
    %wait E_0x5591eea85a20;
    %load/vec4 v0x5591eeaa4a10_0;
    %pad/u 32;
    %cmpi/e 2, 0, 32;
    %jmp/0xz  T_9.0, 4;
    %load/vec4 v0x5591eeaa4050_0;
    %load/vec4 v0x5591eeaa4cb0_0;
    %parti/s 1, 31, 6;
    %concati/vec4 0, 0, 31;
    %add;
    %load/vec4 v0x5591eeaa4af0_0;
    %parti/s 1, 31, 6;
    %concati/vec4 0, 0, 31;
    %sub;
    %store/vec4 v0x5591eeaa3630_0, 0, 32;
    %jmp T_9.1;
T_9.0 ;
    %load/vec4 v0x5591eeaa4050_0;
    %load/vec4 v0x5591eeaa4cb0_0;
    %parti/s 1, 31, 6;
    %concati/vec4 0, 0, 31;
    %add;
    %load/vec4 v0x5591eeaa4af0_0;
    %parti/s 1, 31, 6;
    %concati/vec4 0, 0, 31;
    %add;
    %store/vec4 v0x5591eeaa3630_0, 0, 32;
T_9.1 ;
    %jmp T_9;
    .thread T_9, $push;
    .scope S_0x5591eea80bf0;
T_10 ;
    %wait E_0x5591eea85aa0;
    %pushi/vec4 0, 0, 32;
    %store/vec4 v0x5591eeaa3d10_0, 0, 32;
    %pushi/vec4 0, 0, 1;
    %store/vec4 v0x5591eeaa37d0_0, 0, 1;
    %pushi/vec4 0, 0, 1;
    %store/vec4 v0x5591eeaa3ad0_0, 0, 1;
    %pushi/vec4 0, 0, 1;
    %store/vec4 v0x5591eeaa3c50_0, 0, 1;
    %load/vec4 v0x5591eeaa3710_0;
    %flag_set/vec4 8;
    %jmp/0xz  T_10.0, 8;
    %load/vec4 v0x5591eeaa3630_0;
    %store/vec4 v0x5591eeaa3d10_0, 0, 32;
    %load/vec4 v0x5591eeaa3f90_0;
    %store/vec4 v0x5591eeaa37d0_0, 0, 1;
    %load/vec4 v0x5591eeaa3f90_0;
    %load/vec4 v0x5591eeaa4050_0;
    %parti/s 1, 31, 6;
    %xor;
    %store/vec4 v0x5591eeaa3c50_0, 0, 1;
    %load/vec4 v0x5591eeaa3630_0;
    %parti/s 1, 31, 6;
    %store/vec4 v0x5591eeaa3ad0_0, 0, 1;
    %jmp T_10.1;
T_10.0 ;
    %load/vec4 v0x5591eeaa4a10_0;
    %pad/u 32;
    %cmpi/e 3, 0, 32;
    %jmp/0xz  T_10.2, 4;
    %load/vec4 v0x5591eeaa4af0_0;
    %parti/s 1, 31, 6;
    %flag_set/vec4 8;
    %jmp/0xz  T_10.4, 8;
    %load/vec4 v0x5591eeaa4cb0_0;
    %ix/load 4, 1, 0;
    %flag_set/imm 4, 0;
    %shiftl 4;
    %store/vec4 v0x5591eeaa3d10_0, 0, 32;
    %load/vec4 v0x5591eeaa4cb0_0;
    %parti/s 1, 31, 6;
    %store/vec4 v0x5591eeaa37d0_0, 0, 1;
    %load/vec4 v0x5591eeaa4cb0_0;
    %parti/s 1, 31, 6;
    %load/vec4 v0x5591eeaa4cb0_0;
    %parti/s 1, 30, 6;
    %xor;
    %store/vec4 v0x5591eeaa3c50_0, 0, 1;
    %load/vec4 v0x5591eeaa4cb0_0;
    %parti/s 1, 30, 6;
    %store/vec4 v0x5591eeaa3ad0_0, 0, 1;
    %jmp T_10.5;
T_10.4 ;
    %load/vec4 v0x5591eeaa4cb0_0;
    %parti/s 1, 31, 6;
    %load/vec4 v0x5591eeaa4cb0_0;
    %parti/s 31, 1, 2;
    %concat/vec4; draw_concat_vec4
    %store/vec4 v0x5591eeaa3d10_0, 0, 32;
    %pushi/vec4 0, 0, 1;
    %store/vec4 v0x5591eeaa37d0_0, 0, 1;
    %pushi/vec4 0, 0, 1;
    %store/vec4 v0x5591eeaa3c50_0, 0, 1;
    %load/vec4 v0x5591eeaa4cb0_0;
    %parti/s 1, 31, 6;
    %store/vec4 v0x5591eeaa3ad0_0, 0, 1;
T_10.5 ;
    %jmp T_10.3;
T_10.2 ;
    %load/vec4 v0x5591eeaa4a10_0;
    %pad/u 32;
    %cmpi/e 4, 0, 32;
    %jmp/0xz  T_10.6, 4;
    %load/vec4 v0x5591eeaa3df0_0;
    %store/vec4 v0x5591eeaa3d10_0, 0, 32;
    %pushi/vec4 0, 0, 1;
    %store/vec4 v0x5591eeaa37d0_0, 0, 1;
    %load/vec4 v0x5591eeaa3df0_0;
    %parti/s 1, 31, 6;
    %store/vec4 v0x5591eeaa3ad0_0, 0, 1;
    %pushi/vec4 0, 0, 1;
    %store/vec4 v0x5591eeaa3c50_0, 0, 1;
    %jmp T_10.7;
T_10.6 ;
    %load/vec4 v0x5591eeaa4a10_0;
    %pad/u 32;
    %cmpi/e 5, 0, 32;
    %jmp/0xz  T_10.8, 4;
    %load/vec4 v0x5591eeaa58e0_0;
    %store/vec4 v0x5591eeaa3d10_0, 0, 32;
    %pushi/vec4 0, 0, 1;
    %store/vec4 v0x5591eeaa37d0_0, 0, 1;
    %load/vec4 v0x5591eeaa58e0_0;
    %parti/s 1, 31, 6;
    %store/vec4 v0x5591eeaa3ad0_0, 0, 1;
    %pushi/vec4 0, 0, 1;
    %store/vec4 v0x5591eeaa3c50_0, 0, 1;
T_10.8 ;
T_10.7 ;
T_10.3 ;
T_10.1 ;
    %jmp T_10;
    .thread T_10, $push;
    .scope S_0x5591eea820f0;
T_11 ;
    %vpi_call/w 10 63 "$readmemh", "program.hex", v0x5591eeaa7cd0, 32'sb00000000000000000000000000000000, 32'sb00000000000000000000000111111111 {0 0 0};
    %end;
    .thread T_11;
    .scope S_0x5591eea820f0;
T_12 ;
    %wait E_0x5591eeaa5b30;
    %load/vec4 v0x5591eeaa7b50_0;
    %flag_set/vec4 8;
    %jmp/0xz  T_12.0, 8;
    %load/vec4 v0x5591eeaa7d70_0;
    %pad/u 11;
    %ix/vec4 4;
    %load/vec4a v0x5591eeaa7cd0, 4;
    %assign/vec4 v0x5591eeaa7c10_0, 0;
T_12.0 ;
    %jmp T_12;
    .thread T_12;
    .scope S_0x5591eea820f0;
T_13 ;
    %wait E_0x5591eeaa5b30;
    %load/vec4 v0x5591eeaa7500_0;
    %flag_set/vec4 8;
    %jmp/0xz  T_13.0, 8;
    %load/vec4 v0x5591eeaa7ab0_0;
    %flag_set/vec4 8;
    %jmp/0xz  T_13.2, 8;
    %load/vec4 v0x5591eeaa76d0_0;
    %load/vec4 v0x5591eeaa7440_0;
    %pad/u 11;
    %ix/vec4 3;
    %ix/load 4, 0, 0; Constant delay
    %assign/vec4/a/d v0x5591eeaa7cd0, 0, 4;
T_13.2 ;
    %load/vec4 v0x5591eeaa7440_0;
    %pad/u 11;
    %ix/vec4 4;
    %load/vec4a v0x5591eeaa7cd0, 4;
    %assign/vec4 v0x5591eeaa7880_0, 0;
T_13.0 ;
    %jmp T_13;
    .thread T_13;
    .scope S_0x5591eeaa7f90;
T_14 ;
    %wait E_0x5591eeaa5b30;
    %load/vec4 v0x5591eeaa8ba0_0;
    %load/vec4 v0x5591eeaa8c40_0;
    %and;
    %flag_set/vec4 8;
    %jmp/0xz  T_14.0, 8;
    %load/vec4 v0x5591eeaa8780_0;
    %load/vec4 v0x5591eeaa85b0_0;
    %pad/u 6;
    %ix/vec4 3;
    %ix/load 4, 0, 0; Constant delay
    %assign/vec4/a/d v0x5591eeaa8900, 0, 4;
T_14.0 ;
    %jmp T_14;
    .thread T_14;
    .scope S_0x5591eea804f0;
T_15 ;
    %wait E_0x5591ee9cc8a0;
    %pushi/vec4 0, 0, 1;
    %store/vec4 v0x5591eea9cbb0_0, 0, 1;
    %pushi/vec4 0, 0, 1;
    %store/vec4 v0x5591eea9ca50_0, 0, 1;
    %pushi/vec4 0, 0, 1;
    %store/vec4 v0x5591eea9d4c0_0, 0, 1;
    %pushi/vec4 0, 0, 1;
    %store/vec4 v0x5591eea9d320_0, 0, 1;
    %pushi/vec4 0, 0, 1;
    %store/vec4 v0x5591eea9ce60_0, 0, 1;
    %pushi/vec4 0, 0, 1;
    %store/vec4 v0x5591eea9d000_0, 0, 1;
    %pushi/vec4 0, 0, 1;
    %store/vec4 v0x5591eea9d1a0_0, 0, 1;
    %pushi/vec4 0, 0, 1;
    %store/vec4 v0x5591eea9ccc0_0, 0, 1;
    %pushi/vec4 0, 0, 1;
    %store/vec4 v0x5591eea9d580_0, 0, 1;
    %load/vec4 v0x5591eea5e930_0;
    %pad/u 32;
    %pushi/vec4 512, 0, 32;
    %and;
    %cmpi/e 0, 0, 32;
    %jmp/0xz  T_15.0, 4;
    %load/vec4 v0x5591eea9d260_0;
    %store/vec4 v0x5591eea9d000_0, 0, 1;
    %jmp T_15.1;
T_15.0 ;
    %load/vec4 v0x5591eea5e930_0;
    %pad/u 32;
    %pushi/vec4 1008, 0, 32;
    %and;
    %cmpi/e 512, 0, 32;
    %jmp/0xz  T_15.2, 4;
    %load/vec4 v0x5591eea9d260_0;
    %store/vec4 v0x5591eea9d1a0_0, 0, 1;
    %jmp T_15.3;
T_15.2 ;
    %load/vec4 v0x5591eea5e930_0;
    %pad/u 32;
    %pushi/vec4 1023, 0, 32;
    %and;
    %cmpi/e 600, 0, 32;
    %jmp/0xz  T_15.4, 4;
    %load/vec4 v0x5591eea9d260_0;
    %store/vec4 v0x5591eea9ccc0_0, 0, 1;
    %jmp T_15.5;
T_15.4 ;
    %load/vec4 v0x5591eea5e930_0;
    %pad/u 32;
    %pushi/vec4 1023, 0, 32;
    %and;
    %cmpi/e 700, 0, 32;
    %jmp/0xz  T_15.6, 4;
    %load/vec4 v0x5591eea9d260_0;
    %store/vec4 v0x5591eea9ce60_0, 0, 1;
    %jmp T_15.7;
T_15.6 ;
    %load/vec4 v0x5591eea5e930_0;
    %pad/u 32;
    %pushi/vec4 1023, 0, 32;
    %and;
    %cmpi/e 704, 0, 32;
    %jmp/0xz  T_15.8, 4;
    %load/vec4 v0x5591eea9d260_0;
    %store/vec4 v0x5591eea9d4c0_0, 0, 1;
    %jmp T_15.9;
T_15.8 ;
    %load/vec4 v0x5591eea5e930_0;
    %pad/u 32;
    %pushi/vec4 1023, 0, 32;
    %and;
    %cmpi/e 718, 0, 32;
    %jmp/0xz  T_15.10, 4;
    %load/vec4 v0x5591eea9d260_0;
    %store/vec4 v0x5591eea9d320_0, 0, 1;
    %jmp T_15.11;
T_15.10 ;
    %load/vec4 v0x5591eea5e930_0;
    %pad/u 32;
    %pushi/vec4 1023, 0, 32;
    %and;
    %cmpi/e 710, 0, 32;
    %jmp/0xz  T_15.12, 4;
    %load/vec4 v0x5591eea9d260_0;
    %store/vec4 v0x5591eea9cbb0_0, 0, 1;
    %jmp T_15.13;
T_15.12 ;
    %load/vec4 v0x5591eea5e930_0;
    %pad/u 32;
    %pushi/vec4 1023, 0, 32;
    %and;
    %cmpi/e 714, 0, 32;
    %jmp/0xz  T_15.14, 4;
    %load/vec4 v0x5591eea9d260_0;
    %store/vec4 v0x5591eea9ca50_0, 0, 1;
    %jmp T_15.15;
T_15.14 ;
    %load/vec4 v0x5591eea9d260_0;
    %store/vec4 v0x5591eea9d580_0, 0, 1;
T_15.15 ;
T_15.13 ;
T_15.11 ;
T_15.9 ;
T_15.7 ;
T_15.5 ;
T_15.3 ;
T_15.1 ;
    %jmp T_15;
    .thread T_15, $push;
    .scope S_0x5591eea804f0;
T_16 ;
    %wait E_0x5591ee9eabd0;
    %pushi/vec4 0, 0, 32;
    %store/vec4 v0x5591eea9cd80_0, 0, 32;
    %load/vec4 v0x5591eea9d000_0;
    %flag_set/vec4 8;
    %jmp/0xz  T_16.0, 8;
    %load/vec4 v0x5591eea9cf20_0;
    %store/vec4 v0x5591eea9cd80_0, 0, 32;
    %jmp T_16.1;
T_16.0 ;
    %load/vec4 v0x5591eea9d1a0_0;
    %flag_set/vec4 8;
    %jmp/0xz  T_16.2, 8;
    %load/vec4 v0x5591eea9d0c0_0;
    %store/vec4 v0x5591eea9cd80_0, 0, 32;
    %jmp T_16.3;
T_16.2 ;
    %load/vec4 v0x5591eea9d4c0_0;
    %flag_set/vec4 8;
    %jmp/0xz  T_16.4, 8;
    %pushi/vec4 0, 0, 24;
    %load/vec4 v0x5591eea9d3e0_0;
    %concat/vec4; draw_concat_vec4
    %store/vec4 v0x5591eea9cd80_0, 0, 32;
    %jmp T_16.5;
T_16.4 ;
    %load/vec4 v0x5591eea9d320_0;
    %flag_set/vec4 8;
    %jmp/0xz  T_16.6, 8;
    %pushi/vec4 0, 0, 24;
    %load/vec4 v0x5591eea9d3e0_0;
    %concat/vec4; draw_concat_vec4
    %store/vec4 v0x5591eea9cd80_0, 0, 32;
    %jmp T_16.7;
T_16.6 ;
    %load/vec4 v0x5591eea9cbb0_0;
    %flag_set/vec4 8;
    %jmp/0xz  T_16.8, 8;
    %pushi/vec4 0, 0, 31;
    %load/vec4 v0x5591eea9caf0_0;
    %concat/vec4; draw_concat_vec4
    %store/vec4 v0x5591eea9cd80_0, 0, 32;
    %jmp T_16.9;
T_16.8 ;
    %load/vec4 v0x5591eea9ca50_0;
    %flag_set/vec4 8;
    %jmp/0xz  T_16.10, 8;
    %pushi/vec4 0, 0, 31;
    %load/vec4 v0x5591eea5e9d0_0;
    %concat/vec4; draw_concat_vec4
    %store/vec4 v0x5591eea9cd80_0, 0, 32;
T_16.10 ;
T_16.9 ;
T_16.7 ;
T_16.5 ;
T_16.3 ;
T_16.1 ;
    %jmp T_16;
    .thread T_16, $push;
    .scope S_0x5591eea819f0;
T_17 ;
    %pushi/vec4 0, 0, 2;
    %store/vec4 v0x5591eeaa6700_0, 0, 2;
    %end;
    .thread T_17, $init;
    .scope S_0x5591eea819f0;
T_18 ;
    %wait E_0x5591eea9daf0;
    %load/vec4 v0x5591eeaa6da0_0;
    %flag_set/vec4 8;
    %jmp/0xz  T_18.0, 8;
    %pushi/vec4 0, 0, 8;
    %assign/vec4 v0x5591eeaa64e0_0, 0;
    %jmp T_18.1;
T_18.0 ;
    %load/vec4 v0x5591eeaa6ee0_0;
    %load/vec4 v0x5591eeaa6b60_0;
    %and;
    %flag_set/vec4 8;
    %jmp/0xz  T_18.2, 8;
    %load/vec4 v0x5591eeaa6400_0;
    %assign/vec4 v0x5591eeaa64e0_0, 0;
T_18.2 ;
T_18.1 ;
    %jmp T_18;
    .thread T_18;
    .scope S_0x5591eea819f0;
T_19 ;
    %wait E_0x5591eea9daf0;
    %load/vec4 v0x5591eeaa6da0_0;
    %pad/u 32;
    %cmpi/e 1, 0, 32;
    %jmp/0xz  T_19.0, 4;
    %pushi/vec4 0, 0, 20;
    %assign/vec4 v0x5591eeaa6cc0_0, 0;
    %jmp T_19.1;
T_19.0 ;
    %load/vec4 v0x5591eeaa6cc0_0;
    %addi 1, 0, 20;
    %assign/vec4 v0x5591eeaa6cc0_0, 0;
T_19.1 ;
    %jmp T_19;
    .thread T_19;
    .scope S_0x5591eea819f0;
T_20 ;
    %wait E_0x5591eeaa60d0;
    %pushi/vec4 0, 0, 12;
    %store/vec4 v0x5591eeaa6310_0, 0, 12;
    %pushi/vec4 0, 0, 4;
    %store/vec4 v0x5591eeaa6a80_0, 0, 4;
T_20.0 ;
    %load/vec4 v0x5591eeaa6a80_0;
    %pad/u 32;
    %cmpi/u 8, 0, 32;
    %jmp/0xz T_20.1, 5;
    %load/vec4 v0x5591eeaa6310_0;
    %parti/s 11, 0, 2;
    %load/vec4 v0x5591eeaa64e0_0;
    %pushi/vec4 7, 0, 32;
    %load/vec4 v0x5591eeaa6a80_0;
    %pad/u 32;
    %sub;
    %part/u 1;
    %concat/vec4; draw_concat_vec4
    %store/vec4 v0x5591eeaa6310_0, 0, 12;
    %load/vec4 v0x5591eeaa6a80_0;
    %pad/u 32;
    %cmpi/u 7, 0, 32;
    %flag_get/vec4 5;
    %pushi/vec4 4, 0, 32;
    %load/vec4 v0x5591eeaa6310_0;
    %parti/s 4, 0, 2;
    %pad/u 32;
    %cmp/u;
    %flag_get/vec4 5;
    %and;
    %flag_set/vec4 8;
    %jmp/0xz  T_20.2, 8;
    %load/vec4 v0x5591eeaa6310_0;
    %parti/s 4, 0, 2;
    %addi 3, 0, 4;
    %ix/load 4, 0, 0;
    %flag_set/imm 4, 0;
    %store/vec4 v0x5591eeaa6310_0, 4, 4;
T_20.2 ;
    %load/vec4 v0x5591eeaa6a80_0;
    %pad/u 32;
    %cmpi/u 7, 0, 32;
    %flag_get/vec4 5;
    %pushi/vec4 4, 0, 32;
    %load/vec4 v0x5591eeaa6310_0;
    %parti/s 4, 4, 4;
    %pad/u 32;
    %cmp/u;
    %flag_get/vec4 5;
    %and;
    %flag_set/vec4 8;
    %jmp/0xz  T_20.4, 8;
    %load/vec4 v0x5591eeaa6310_0;
    %parti/s 4, 4, 4;
    %addi 3, 0, 4;
    %ix/load 4, 4, 0;
    %flag_set/imm 4, 0;
    %store/vec4 v0x5591eeaa6310_0, 4, 4;
T_20.4 ;
    %load/vec4 v0x5591eeaa6a80_0;
    %pad/u 32;
    %cmpi/u 7, 0, 32;
    %flag_get/vec4 5;
    %pushi/vec4 4, 0, 32;
    %load/vec4 v0x5591eeaa6310_0;
    %parti/s 4, 8, 5;
    %pad/u 32;
    %cmp/u;
    %flag_get/vec4 5;
    %and;
    %flag_set/vec4 8;
    %jmp/0xz  T_20.6, 8;
    %load/vec4 v0x5591eeaa6310_0;
    %parti/s 4, 8, 5;
    %addi 3, 0, 4;
    %ix/load 4, 8, 0;
    %flag_set/imm 4, 0;
    %store/vec4 v0x5591eeaa6310_0, 4, 4;
T_20.6 ;
    %load/vec4 v0x5591eeaa6a80_0;
    %addi 1, 0, 4;
    %store/vec4 v0x5591eeaa6a80_0, 0, 4;
    %jmp T_20.0;
T_20.1 ;
    %jmp T_20;
    .thread T_20, $push;
    .scope S_0x5591eea819f0;
T_21 ;
    %wait E_0x5591eeaa6070;
    %load/vec4 v0x5591eeaa6230_0;
    %dup/vec4;
    %pushi/vec4 0, 0, 5;
    %cmp/u;
    %jmp/1 T_21.0, 6;
    %dup/vec4;
    %pushi/vec4 1, 0, 5;
    %cmp/u;
    %jmp/1 T_21.1, 6;
    %dup/vec4;
    %pushi/vec4 2, 0, 5;
    %cmp/u;
    %jmp/1 T_21.2, 6;
    %dup/vec4;
    %pushi/vec4 3, 0, 5;
    %cmp/u;
    %jmp/1 T_21.3, 6;
    %dup/vec4;
    %pushi/vec4 4, 0, 5;
    %cmp/u;
    %jmp/1 T_21.4, 6;
    %dup/vec4;
    %pushi/vec4 5, 0, 5;
    %cmp/u;
    %jmp/1 T_21.5, 6;
    %dup/vec4;
    %pushi/vec4 6, 0, 5;
    %cmp/u;
    %jmp/1 T_21.6, 6;
    %dup/vec4;
    %pushi/vec4 7, 0, 5;
    %cmp/u;
    %jmp/1 T_21.7, 6;
    %dup/vec4;
    %pushi/vec4 8, 0, 5;
    %cmp/u;
    %jmp/1 T_21.8, 6;
    %dup/vec4;
    %pushi/vec4 9, 0, 5;
    %cmp/u;
    %jmp/1 T_21.9, 6;
    %dup/vec4;
    %pushi/vec4 10, 0, 5;
    %cmp/u;
    %jmp/1 T_21.10, 6;
    %dup/vec4;
    %pushi/vec4 11, 0, 5;
    %cmp/u;
    %jmp/1 T_21.11, 6;
    %dup/vec4;
    %pushi/vec4 12, 0, 5;
    %cmp/u;
    %jmp/1 T_21.12, 6;
    %dup/vec4;
    %pushi/vec4 13, 0, 5;
    %cmp/u;
    %jmp/1 T_21.13, 6;
    %dup/vec4;
    %pushi/vec4 14, 0, 5;
    %cmp/u;
    %jmp/1 T_21.14, 6;
    %dup/vec4;
    %pushi/vec4 15, 0, 5;
    %cmp/u;
    %jmp/1 T_21.15, 6;
    %dup/vec4;
    %pushi/vec4 16, 0, 5;
    %cmp/u;
    %jmp/1 T_21.16, 6;
    %dup/vec4;
    %pushi/vec4 17, 0, 5;
    %cmp/u;
    %jmp/1 T_21.17, 6;
    %dup/vec4;
    %pushi/vec4 18, 0, 5;
    %cmp/u;
    %jmp/1 T_21.18, 6;
    %pushi/vec4 255, 0, 8;
    %store/vec4 v0x5591eeaa68c0_0, 0, 8;
    %jmp T_21.20;
T_21.0 ;
    %pushi/vec4 192, 0, 8;
    %store/vec4 v0x5591eeaa68c0_0, 0, 8;
    %jmp T_21.20;
T_21.1 ;
    %pushi/vec4 249, 0, 8;
    %store/vec4 v0x5591eeaa68c0_0, 0, 8;
    %jmp T_21.20;
T_21.2 ;
    %pushi/vec4 164, 0, 8;
    %store/vec4 v0x5591eeaa68c0_0, 0, 8;
    %jmp T_21.20;
T_21.3 ;
    %pushi/vec4 176, 0, 8;
    %store/vec4 v0x5591eeaa68c0_0, 0, 8;
    %jmp T_21.20;
T_21.4 ;
    %pushi/vec4 153, 0, 8;
    %store/vec4 v0x5591eeaa68c0_0, 0, 8;
    %jmp T_21.20;
T_21.5 ;
    %pushi/vec4 146, 0, 8;
    %store/vec4 v0x5591eeaa68c0_0, 0, 8;
    %jmp T_21.20;
T_21.6 ;
    %pushi/vec4 130, 0, 8;
    %store/vec4 v0x5591eeaa68c0_0, 0, 8;
    %jmp T_21.20;
T_21.7 ;
    %pushi/vec4 248, 0, 8;
    %store/vec4 v0x5591eeaa68c0_0, 0, 8;
    %jmp T_21.20;
T_21.8 ;
    %pushi/vec4 128, 0, 8;
    %store/vec4 v0x5591eeaa68c0_0, 0, 8;
    %jmp T_21.20;
T_21.9 ;
    %pushi/vec4 144, 0, 8;
    %store/vec4 v0x5591eeaa68c0_0, 0, 8;
    %jmp T_21.20;
T_21.10 ;
    %pushi/vec4 191, 0, 8;
    %store/vec4 v0x5591eeaa68c0_0, 0, 8;
    %jmp T_21.20;
T_21.11 ;
    %pushi/vec4 192, 0, 8;
    %store/vec4 v0x5591eeaa68c0_0, 0, 8;
    %jmp T_21.20;
T_21.12 ;
    %pushi/vec4 175, 0, 8;
    %store/vec4 v0x5591eeaa68c0_0, 0, 8;
    %jmp T_21.20;
T_21.13 ;
    %pushi/vec4 134, 0, 8;
    %store/vec4 v0x5591eeaa68c0_0, 0, 8;
    %jmp T_21.20;
T_21.14 ;
    %pushi/vec4 140, 0, 8;
    %store/vec4 v0x5591eeaa68c0_0, 0, 8;
    %jmp T_21.20;
T_21.15 ;
    %pushi/vec4 193, 0, 8;
    %store/vec4 v0x5591eeaa68c0_0, 0, 8;
    %jmp T_21.20;
T_21.16 ;
    %pushi/vec4 136, 0, 8;
    %store/vec4 v0x5591eeaa68c0_0, 0, 8;
    %jmp T_21.20;
T_21.17 ;
    %pushi/vec4 199, 0, 8;
    %store/vec4 v0x5591eeaa68c0_0, 0, 8;
    %jmp T_21.20;
T_21.18 ;
    %pushi/vec4 255, 0, 8;
    %store/vec4 v0x5591eeaa68c0_0, 0, 8;
    %jmp T_21.20;
T_21.20 ;
    %pop/vec4 1;
    %load/vec4 v0x5591eeaa6700_0;
    %cmpi/e 1, 0, 2;
    %jmp/0xz  T_21.21, 4;
    %pushi/vec4 0, 0, 1;
    %ix/load 4, 7, 0;
    %flag_set/imm 4, 0;
    %store/vec4 v0x5591eeaa68c0_0, 4, 1;
T_21.21 ;
    %jmp T_21;
    .thread T_21, $push;
    .scope S_0x5591eea819f0;
T_22 ;
    %wait E_0x5591eeaa6000;
    %pushi/vec4 0, 0, 2;
    %store/vec4 v0x5591eeaa6700_0, 0, 2;
    %load/vec4 v0x5591eeaa6130_0;
    %dup/vec4;
    %pushi/vec4 0, 0, 2;
    %cmp/u;
    %jmp/1 T_22.0, 6;
    %dup/vec4;
    %pushi/vec4 1, 0, 2;
    %cmp/u;
    %jmp/1 T_22.1, 6;
    %dup/vec4;
    %pushi/vec4 2, 0, 2;
    %cmp/u;
    %jmp/1 T_22.2, 6;
    %dup/vec4;
    %pushi/vec4 3, 0, 2;
    %cmp/u;
    %jmp/1 T_22.3, 6;
    %jmp T_22.4;
T_22.0 ;
    %pushi/vec4 14, 0, 4;
    %store/vec4 v0x5591eeaa67e0_0, 0, 4;
    %load/vec4 v0x5591eeaa6c00_0;
    %cmpi/e 0, 0, 2;
    %jmp/0xz  T_22.5, 4;
    %load/vec4 v0x5591eeaa6310_0;
    %parti/s 4, 0, 2;
    %pad/u 5;
    %store/vec4 v0x5591eeaa6230_0, 0, 5;
    %jmp T_22.6;
T_22.5 ;
    %pushi/vec4 18, 0, 5;
    %store/vec4 v0x5591eeaa6230_0, 0, 5;
T_22.6 ;
    %jmp T_22.4;
T_22.1 ;
    %pushi/vec4 13, 0, 4;
    %store/vec4 v0x5591eeaa67e0_0, 0, 4;
    %load/vec4 v0x5591eeaa6c00_0;
    %cmpi/e 0, 0, 2;
    %jmp/0xz  T_22.7, 4;
    %load/vec4 v0x5591eeaa69a0_0;
    %load/vec4 v0x5591eeaa6130_0;
    %cmp/e;
    %jmp/0xz  T_22.9, 4;
    %pushi/vec4 1, 0, 2;
    %store/vec4 v0x5591eeaa6700_0, 0, 2;
T_22.9 ;
    %load/vec4 v0x5591eeaa6310_0;
    %parti/s 4, 4, 4;
    %pad/u 5;
    %store/vec4 v0x5591eeaa6230_0, 0, 5;
    %jmp T_22.8;
T_22.7 ;
    %load/vec4 v0x5591eeaa6c00_0;
    %cmpi/e 3, 0, 2;
    %jmp/0xz  T_22.11, 4;
    %pushi/vec4 12, 0, 5;
    %store/vec4 v0x5591eeaa6230_0, 0, 5;
    %jmp T_22.12;
T_22.11 ;
    %load/vec4 v0x5591eeaa6c00_0;
    %cmpi/e 2, 0, 2;
    %jmp/0xz  T_22.13, 4;
    %pushi/vec4 17, 0, 5;
    %store/vec4 v0x5591eeaa6230_0, 0, 5;
    %jmp T_22.14;
T_22.13 ;
    %load/vec4 v0x5591eeaa6c00_0;
    %cmpi/e 1, 0, 2;
    %jmp/0xz  T_22.15, 4;
    %pushi/vec4 18, 0, 5;
    %store/vec4 v0x5591eeaa6230_0, 0, 5;
T_22.15 ;
T_22.14 ;
T_22.12 ;
T_22.8 ;
    %jmp T_22.4;
T_22.2 ;
    %pushi/vec4 11, 0, 4;
    %store/vec4 v0x5591eeaa67e0_0, 0, 4;
    %load/vec4 v0x5591eeaa6c00_0;
    %cmpi/e 0, 0, 2;
    %jmp/0xz  T_22.17, 4;
    %load/vec4 v0x5591eeaa69a0_0;
    %load/vec4 v0x5591eeaa6130_0;
    %cmp/e;
    %jmp/0xz  T_22.19, 4;
    %pushi/vec4 1, 0, 2;
    %store/vec4 v0x5591eeaa6700_0, 0, 2;
T_22.19 ;
    %load/vec4 v0x5591eeaa6310_0;
    %parti/s 4, 8, 5;
    %pad/u 5;
    %store/vec4 v0x5591eeaa6230_0, 0, 5;
    %jmp T_22.18;
T_22.17 ;
    %load/vec4 v0x5591eeaa6c00_0;
    %cmpi/e 3, 0, 2;
    %jmp/0xz  T_22.21, 4;
    %pushi/vec4 12, 0, 5;
    %store/vec4 v0x5591eeaa6230_0, 0, 5;
    %jmp T_22.22;
T_22.21 ;
    %load/vec4 v0x5591eeaa6c00_0;
    %cmpi/e 2, 0, 2;
    %jmp/0xz  T_22.23, 4;
    %pushi/vec4 16, 0, 5;
    %store/vec4 v0x5591eeaa6230_0, 0, 5;
    %jmp T_22.24;
T_22.23 ;
    %load/vec4 v0x5591eeaa6c00_0;
    %cmpi/e 1, 0, 2;
    %jmp/0xz  T_22.25, 4;
    %pushi/vec4 14, 0, 5;
    %store/vec4 v0x5591eeaa6230_0, 0, 5;
T_22.25 ;
T_22.24 ;
T_22.22 ;
T_22.18 ;
    %jmp T_22.4;
T_22.3 ;
    %pushi/vec4 7, 0, 4;
    %store/vec4 v0x5591eeaa67e0_0, 0, 4;
    %load/vec4 v0x5591eeaa6c00_0;
    %cmpi/e 0, 0, 2;
    %jmp/0xz  T_22.27, 4;
    %load/vec4 v0x5591eeaa6e40_0;
    %pad/u 32;
    %cmpi/e 1, 0, 32;
    %jmp/0xz  T_22.29, 4;
    %pushi/vec4 10, 0, 5;
    %store/vec4 v0x5591eeaa6230_0, 0, 5;
    %jmp T_22.30;
T_22.29 ;
    %pushi/vec4 18, 0, 5;
    %store/vec4 v0x5591eeaa6230_0, 0, 5;
T_22.30 ;
    %jmp T_22.28;
T_22.27 ;
    %load/vec4 v0x5591eeaa6c00_0;
    %cmpi/e 3, 0, 2;
    %jmp/0xz  T_22.31, 4;
    %pushi/vec4 13, 0, 5;
    %store/vec4 v0x5591eeaa6230_0, 0, 5;
    %jmp T_22.32;
T_22.31 ;
    %load/vec4 v0x5591eeaa6c00_0;
    %cmpi/e 2, 0, 2;
    %jmp/0xz  T_22.33, 4;
    %pushi/vec4 15, 0, 5;
    %store/vec4 v0x5591eeaa6230_0, 0, 5;
    %jmp T_22.34;
T_22.33 ;
    %load/vec4 v0x5591eeaa6c00_0;
    %cmpi/e 1, 0, 2;
    %jmp/0xz  T_22.35, 4;
    %pushi/vec4 11, 0, 5;
    %store/vec4 v0x5591eeaa6230_0, 0, 5;
T_22.35 ;
T_22.34 ;
T_22.32 ;
T_22.28 ;
    %jmp T_22.4;
T_22.4 ;
    %pop/vec4 1;
    %jmp T_22;
    .thread T_22, $push;
    .scope S_0x5591eea812f0;
T_23 ;
    %wait E_0x5591eeaa5b30;
    %load/vec4 v0x5591eeaa5d60_0;
    %flag_set/vec4 8;
    %jmp/0xz  T_23.0, 8;
    %vpi_call/w 8 12 "$write", "%c", v0x5591eeaa5ca0_0 {0 0 0};
T_23.0 ;
    %jmp T_23;
    .thread T_23;
    .scope S_0x5591eea7f6f0;
T_24 ;
    %vpi_call/w 4 59 "$dumpfile", "xtop.vcd" {0 0 0};
    %vpi_call/w 4 60 "$dumpvars", 32'sb00000000000000000000000000000000, S_0x5591eea7f6f0 {0 0 0};
    %pushi/vec4 1, 0, 1;
    %store/vec4 v0x5591eeaaa560_0, 0, 1;
    %pushi/vec4 0, 0, 1;
    %store/vec4 v0x5591eeaab700_0, 0, 1;
    %pushi/vec4 10, 0, 8;
    %store/vec4 v0x5591eeaaa450_0, 0, 8;
    %pushi/vec4 1, 0, 1;
    %store/vec4 v0x5591eeaaa190_0, 0, 1;
    %delay 11000, 0;
    %pushi/vec4 1, 0, 1;
    %store/vec4 v0x5591eeaab700_0, 0, 1;
    %delay 10000, 0;
    %pushi/vec4 0, 0, 1;
    %store/vec4 v0x5591eeaab700_0, 0, 1;
    %vpi_func 4 78 "$time" 64 {0 0 0};
    %pad/u 32;
    %store/vec4 v0x5591eeaab7a0_0, 0, 32;
    %delay 100000, 0;
    %pushi/vec4 11, 0, 8;
    %store/vec4 v0x5591eeaaa450_0, 0, 8;
    %delay 200000, 0;
    %vpi_call/w 4 83 "$finish" {0 0 0};
    %pushi/vec4 0, 0, 32;
    %store/vec4 v0x5591eeaaa710_0, 0, 32;
T_24.0 ;
    %load/vec4 v0x5591eeaaa710_0;
    %cmpi/s 16, 0, 32;
    %jmp/0xz T_24.1, 5;
    %ix/getv/s 4, v0x5591eeaaa710_0;
    %load/vec4a v0x5591eeaa8900, 4;
    %ix/getv/s 4, v0x5591eeaaa710_0;
    %store/vec4a v0x5591eeaaa650, 4, 0;
    %load/vec4 v0x5591eeaaa710_0;
    %addi 1, 0, 32;
    %store/vec4 v0x5591eeaaa710_0, 0, 32;
    %jmp T_24.0;
T_24.1 ;
    %vpi_call/w 4 91 "$writememh", "data_out.hex", v0x5591eeaaa650, 32'sb00000000000000000000000000000000, 32'sb00000000000000000000000000001111 {0 0 0};
    %end;
    .thread T_24;
    .scope S_0x5591eea7f6f0;
T_25 ;
    %wait E_0x5591eeaa5b30;
    %load/vec4 v0x5591eeaab880_0;
    %flag_set/vec4 8;
    %jmp/0xz  T_25.0, 8;
    %vpi_func 4 101 "$time" 64 {0 0 0};
    %load/vec4 v0x5591eeaab7a0_0;
    %pad/u 64;
    %sub;
    %pushi/vec4 10, 0, 64;
    %div;
    %vpi_call/w 4 101 "$display", "Catched Trap at time  %0d clock cycles:", S<0,vec4,u64> {1 0 0};
    %load/vec4 v0x5591eeaa9680_0;
    %flag_set/vec4 8;
    %jmp/0 T_25.2, 8;
    %pushi/vec4 1467115892, 0, 32; draw_string_vec4
    %pushi/vec4 101, 0, 8; draw_string_vec4
    %concat/vec4; draw_string_vec4
    %jmp/1 T_25.3, 8;
T_25.2 ; End of true expr.
    %pushi/vec4 5399905, 0, 32; draw_string_vec4
    %pushi/vec4 100, 0, 8; draw_string_vec4
    %concat/vec4; draw_string_vec4
    %jmp/0 T_25.3, 8;
 ; End of false expr.
    %blend;
T_25.3;
    %vpi_call/w 4 102 "$display", "%s address %d, PC 0x%x", S<0,vec4,u40>, v0x5591eeaa9360_0, v0x5591eeaa9ab0_0 {1 0 0};
    %vpi_call/w 4 103 "$finish" {0 0 0};
T_25.0 ;
    %jmp T_25;
    .thread T_25;
    .scope S_0x5591eea7f6f0;
T_26 ;
    %delay 5000, 0;
    %load/vec4 v0x5591eeaaa560_0;
    %inv;
    %store/vec4 v0x5591eeaaa560_0, 0, 1;
    %jmp T_26;
    .thread T_26;
# The file index is used to find the file name in the following table.
:file_names 12;
    "N/A";
    "<interactive>";
    "-";
    "rtl/src/xled.v";
    "rtl/testbench/xtop_tb.v";
    "rtl/src/xtop.v";
    "rtl/src/xaddr_decoder.v";
    "rtl/src/xctrl.v";
    "rtl/src/xcprint.v";
    "rtl/src/xdispDecoder.v";
    "rtl/src/xram.v";
    "rtl/src/xregf.v";
